CRITICAL - 2022-06-30 15:35:24 --> Undefined property: stdClass::$uf
in APPPATH\Views\welcome_message.php on line 268.
 1 APPPATH\Views\welcome_message.php(268): CodeIgniter\Debug\Exceptions->errorHandler(2, 'Undefined property: stdClass::$uf', 'APPPATH\\Views\\welcome_message.php', 268)
 2 SYSTEMPATH\View\View.php(213): include('APPPATH\\Views\\welcome_message.php')
 3 SYSTEMPATH\View\View.php(216): CodeIgniter\View\View->CodeIgniter\View\{closure}()
 4 SYSTEMPATH\Common.php(1135): CodeIgniter\View\View->render('welcome_message', [], true)
 5 APPPATH\Controllers\Home.php(9): view('welcome_message')
 6 SYSTEMPATH\CodeIgniter.php(896): App\Controllers\Home->index()
 7 SYSTEMPATH\CodeIgniter.php(466): CodeIgniter\CodeIgniter->runController(Object(App\Controllers\Home))
 8 SYSTEMPATH\CodeIgniter.php(349): CodeIgniter\CodeIgniter->handleRequest(null, Object(Config\Cache), false)
 9 FCPATH\index.php(55): CodeIgniter\CodeIgniter->run()
CRITICAL - 2022-06-30 15:37:32 --> Undefined property: stdClass::$uf
in APPPATH\Views\welcome_message.php on line 268.
 1 APPPATH\Views\welcome_message.php(268): CodeIgniter\Debug\Exceptions->errorHandler(2, 'Undefined property: stdClass::$uf', 'APPPATH\\Views\\welcome_message.php', 268)
 2 SYSTEMPATH\View\View.php(213): include('APPPATH\\Views\\welcome_message.php')
 3 SYSTEMPATH\View\View.php(216): CodeIgniter\View\View->CodeIgniter\View\{closure}()
 4 SYSTEMPATH\Common.php(1135): CodeIgniter\View\View->render('welcome_message', [], true)
 5 APPPATH\Controllers\Home.php(9): view('welcome_message')
 6 SYSTEMPATH\CodeIgniter.php(896): App\Controllers\Home->index()
 7 SYSTEMPATH\CodeIgniter.php(466): CodeIgniter\CodeIgniter->runController(Object(App\Controllers\Home))
 8 SYSTEMPATH\CodeIgniter.php(349): CodeIgniter\CodeIgniter->handleRequest(null, Object(Config\Cache), false)
 9 FCPATH\index.php(55): CodeIgniter\CodeIgniter->run()
CRITICAL - 2022-06-30 15:39:05 --> file_get_contents(https://mindicador.cl/api/{{$tipo}}): Failed to open stream: HTTP request failed! HTTP/1.1 500 Internal Server Error

in APPPATH\Views\welcome_message.php on line 259.
 1 [internal function]: CodeIgniter\Debug\Exceptions->errorHandler(2, 'file_get_contents(https://mindicador.cl/api/{{$tipo}}): Failed to open stream: HTTP request failed! HTTP/1.1 500 Internal Server Error
', 'APPPATH\\Views\\welcome_message.php', 259)
 2 APPPATH\Views\welcome_message.php(259): file_get_contents('https://mindicador.cl/api/{{$tipo}}')
 3 SYSTEMPATH\View\View.php(213): include('APPPATH\\Views\\welcome_message.php')
 4 SYSTEMPATH\View\View.php(216): CodeIgniter\View\View->CodeIgniter\View\{closure}()
 5 SYSTEMPATH\Common.php(1135): CodeIgniter\View\View->render('welcome_message', [], true)
 6 APPPATH\Controllers\Home.php(9): view('welcome_message')
 7 SYSTEMPATH\CodeIgniter.php(896): App\Controllers\Home->index()
 8 SYSTEMPATH\CodeIgniter.php(466): CodeIgniter\CodeIgniter->runController(Object(App\Controllers\Home))
 9 SYSTEMPATH\CodeIgniter.php(349): CodeIgniter\CodeIgniter->handleRequest(null, Object(Config\Cache), false)
10 FCPATH\index.php(55): CodeIgniter\CodeIgniter->run()
CRITICAL - 2022-06-30 15:40:44 --> file_get_contents(https://mindicador.cl/api/uf): Failed to open stream: HTTP request failed!
in APPPATH\Views\welcome_message.php on line 259.
 1 [internal function]: CodeIgniter\Debug\Exceptions->errorHandler(2, 'file_get_contents(https://mindicador.cl/api/uf): Failed to open stream: HTTP request failed!', 'APPPATH\\Views\\welcome_message.php', 259)
 2 APPPATH\Views\welcome_message.php(259): file_get_contents('https://mindicador.cl/api/uf')
 3 SYSTEMPATH\View\View.php(213): include('APPPATH\\Views\\welcome_message.php')
 4 SYSTEMPATH\View\View.php(216): CodeIgniter\View\View->CodeIgniter\View\{closure}()
 5 SYSTEMPATH\Common.php(1135): CodeIgniter\View\View->render('welcome_message', [], true)
 6 APPPATH\Controllers\Home.php(9): view('welcome_message')
 7 SYSTEMPATH\CodeIgniter.php(896): App\Controllers\Home->index()
 8 SYSTEMPATH\CodeIgniter.php(466): CodeIgniter\CodeIgniter->runController(Object(App\Controllers\Home))
 9 SYSTEMPATH\CodeIgniter.php(349): CodeIgniter\CodeIgniter->handleRequest(null, Object(Config\Cache), false)
10 FCPATH\index.php(55): CodeIgniter\CodeIgniter->run()
CRITICAL - 2022-06-30 15:42:07 --> file_get_contents(https://mindicador.cl/api/uf): Failed to open stream: HTTP request failed!
in APPPATH\Views\welcome_message.php on line 259.
 1 [internal function]: CodeIgniter\Debug\Exceptions->errorHandler(2, 'file_get_contents(https://mindicador.cl/api/uf): Failed to open stream: HTTP request failed!', 'APPPATH\\Views\\welcome_message.php', 259)
 2 APPPATH\Views\welcome_message.php(259): file_get_contents('https://mindicador.cl/api/uf')
 3 SYSTEMPATH\View\View.php(213): include('APPPATH\\Views\\welcome_message.php')
 4 SYSTEMPATH\View\View.php(216): CodeIgniter\View\View->CodeIgniter\View\{closure}()
 5 SYSTEMPATH\Common.php(1135): CodeIgniter\View\View->render('welcome_message', [], true)
 6 APPPATH\Controllers\Home.php(9): view('welcome_message')
 7 SYSTEMPATH\CodeIgniter.php(896): App\Controllers\Home->index()
 8 SYSTEMPATH\CodeIgniter.php(466): CodeIgniter\CodeIgniter->runController(Object(App\Controllers\Home))
 9 SYSTEMPATH\CodeIgniter.php(349): CodeIgniter\CodeIgniter->handleRequest(null, Object(Config\Cache), false)
10 FCPATH\index.php(55): CodeIgniter\CodeIgniter->run()
CRITICAL - 2022-06-30 15:42:37 --> file_get_contents(https://mindicador.cl/api/): Failed to open stream: HTTP request failed!
in APPPATH\Views\welcome_message.php on line 258.
 1 [internal function]: CodeIgniter\Debug\Exceptions->errorHandler(2, 'file_get_contents(https://mindicador.cl/api/): Failed to open stream: HTTP request failed!', 'APPPATH\\Views\\welcome_message.php', 258)
 2 APPPATH\Views\welcome_message.php(258): file_get_contents('https://mindicador.cl/api/')
 3 SYSTEMPATH\View\View.php(213): include('APPPATH\\Views\\welcome_message.php')
 4 SYSTEMPATH\View\View.php(216): CodeIgniter\View\View->CodeIgniter\View\{closure}()
 5 SYSTEMPATH\Common.php(1135): CodeIgniter\View\View->render('welcome_message', [], true)
 6 APPPATH\Controllers\Home.php(9): view('welcome_message')
 7 SYSTEMPATH\CodeIgniter.php(896): App\Controllers\Home->index()
 8 SYSTEMPATH\CodeIgniter.php(466): CodeIgniter\CodeIgniter->runController(Object(App\Controllers\Home))
 9 SYSTEMPATH\CodeIgniter.php(349): CodeIgniter\CodeIgniter->handleRequest(null, Object(Config\Cache), false)
10 FCPATH\index.php(55): CodeIgniter\CodeIgniter->run()
CRITICAL - 2022-06-30 15:42:42 --> file_get_contents(https://mindicador.cl/api/uf): Failed to open stream: HTTP request failed!
in APPPATH\Views\welcome_message.php on line 259.
 1 [internal function]: CodeIgniter\Debug\Exceptions->errorHandler(2, 'file_get_contents(https://mindicador.cl/api/uf): Failed to open stream: HTTP request failed!', 'APPPATH\\Views\\welcome_message.php', 259)
 2 APPPATH\Views\welcome_message.php(259): file_get_contents('https://mindicador.cl/api/uf')
 3 SYSTEMPATH\View\View.php(213): include('APPPATH\\Views\\welcome_message.php')
 4 SYSTEMPATH\View\View.php(216): CodeIgniter\View\View->CodeIgniter\View\{closure}()
 5 SYSTEMPATH\Common.php(1135): CodeIgniter\View\View->render('welcome_message', [], true)
 6 APPPATH\Controllers\Home.php(9): view('welcome_message')
 7 SYSTEMPATH\CodeIgniter.php(896): App\Controllers\Home->index()
 8 SYSTEMPATH\CodeIgniter.php(466): CodeIgniter\CodeIgniter->runController(Object(App\Controllers\Home))
 9 SYSTEMPATH\CodeIgniter.php(349): CodeIgniter\CodeIgniter->handleRequest(null, Object(Config\Cache), false)
10 FCPATH\index.php(55): CodeIgniter\CodeIgniter->run()
CRITICAL - 2022-06-30 15:43:05 --> file_get_contents(https://mindicador.cl/api/uf): Failed to open stream: HTTP request failed!
in APPPATH\Views\welcome_message.php on line 258.
 1 [internal function]: CodeIgniter\Debug\Exceptions->errorHandler(2, 'file_get_contents(https://mindicador.cl/api/uf): Failed to open stream: HTTP request failed!', 'APPPATH\\Views\\welcome_message.php', 258)
 2 APPPATH\Views\welcome_message.php(258): file_get_contents('https://mindicador.cl/api/uf')
 3 SYSTEMPATH\View\View.php(213): include('APPPATH\\Views\\welcome_message.php')
 4 SYSTEMPATH\View\View.php(216): CodeIgniter\View\View->CodeIgniter\View\{closure}()
 5 SYSTEMPATH\Common.php(1135): CodeIgniter\View\View->render('welcome_message', [], true)
 6 APPPATH\Controllers\Home.php(9): view('welcome_message')
 7 SYSTEMPATH\CodeIgniter.php(896): App\Controllers\Home->index()
 8 SYSTEMPATH\CodeIgniter.php(466): CodeIgniter\CodeIgniter->runController(Object(App\Controllers\Home))
 9 SYSTEMPATH\CodeIgniter.php(349): CodeIgniter\CodeIgniter->handleRequest(null, Object(Config\Cache), false)
10 FCPATH\index.php(55): CodeIgniter\CodeIgniter->run()
CRITICAL - 2022-06-30 15:43:31 --> file_get_contents(https://mindicador.cl/api/): Failed to open stream: HTTP request failed!
in APPPATH\Views\welcome_message.php on line 258.
 1 [internal function]: CodeIgniter\Debug\Exceptions->errorHandler(2, 'file_get_contents(https://mindicador.cl/api/): Failed to open stream: HTTP request failed!', 'APPPATH\\Views\\welcome_message.php', 258)
 2 APPPATH\Views\welcome_message.php(258): file_get_contents('https://mindicador.cl/api/')
 3 SYSTEMPATH\View\View.php(213): include('APPPATH\\Views\\welcome_message.php')
 4 SYSTEMPATH\View\View.php(216): CodeIgniter\View\View->CodeIgniter\View\{closure}()
 5 SYSTEMPATH\Common.php(1135): CodeIgniter\View\View->render('welcome_message', [], true)
 6 APPPATH\Controllers\Home.php(9): view('welcome_message')
 7 SYSTEMPATH\CodeIgniter.php(896): App\Controllers\Home->index()
 8 SYSTEMPATH\CodeIgniter.php(466): CodeIgniter\CodeIgniter->runController(Object(App\Controllers\Home))
 9 SYSTEMPATH\CodeIgniter.php(349): CodeIgniter\CodeIgniter->handleRequest(null, Object(Config\Cache), false)
10 FCPATH\index.php(55): CodeIgniter\CodeIgniter->run()
CRITICAL - 2022-06-30 15:44:28 --> file_get_contents(https://mindicador.cl/api): Failed to open stream: HTTP request failed!
in APPPATH\Views\welcome_message.php on line 258.
 1 [internal function]: CodeIgniter\Debug\Exceptions->errorHandler(2, 'file_get_contents(https://mindicador.cl/api): Failed to open stream: HTTP request failed!', 'APPPATH\\Views\\welcome_message.php', 258)
 2 APPPATH\Views\welcome_message.php(258): file_get_contents('https://mindicador.cl/api')
 3 SYSTEMPATH\View\View.php(213): include('APPPATH\\Views\\welcome_message.php')
 4 SYSTEMPATH\View\View.php(216): CodeIgniter\View\View->CodeIgniter\View\{closure}()
 5 SYSTEMPATH\Common.php(1135): CodeIgniter\View\View->render('welcome_message', [], true)
 6 APPPATH\Controllers\Home.php(9): view('welcome_message')
 7 SYSTEMPATH\CodeIgniter.php(896): App\Controllers\Home->index()
 8 SYSTEMPATH\CodeIgniter.php(466): CodeIgniter\CodeIgniter->runController(Object(App\Controllers\Home))
 9 SYSTEMPATH\CodeIgniter.php(349): CodeIgniter\CodeIgniter->handleRequest(null, Object(Config\Cache), false)
10 FCPATH\index.php(55): CodeIgniter\CodeIgniter->run()
CRITICAL - 2022-06-30 15:47:04 --> file_get_contents(https://mindicador.cl/api/uf): Failed to open stream: HTTP request failed!
in APPPATH\Views\welcome_message.php on line 281.
 1 [internal function]: CodeIgniter\Debug\Exceptions->errorHandler(2, 'file_get_contents(https://mindicador.cl/api/uf): Failed to open stream: HTTP request failed!', 'APPPATH\\Views\\welcome_message.php', 281)
 2 APPPATH\Views\welcome_message.php(281): file_get_contents('https://mindicador.cl/api/uf')
 3 SYSTEMPATH\View\View.php(213): include('APPPATH\\Views\\welcome_message.php')
 4 SYSTEMPATH\View\View.php(216): CodeIgniter\View\View->CodeIgniter\View\{closure}()
 5 SYSTEMPATH\Common.php(1135): CodeIgniter\View\View->render('welcome_message', [], true)
 6 APPPATH\Controllers\Home.php(9): view('welcome_message')
 7 SYSTEMPATH\CodeIgniter.php(896): App\Controllers\Home->index()
 8 SYSTEMPATH\CodeIgniter.php(466): CodeIgniter\CodeIgniter->runController(Object(App\Controllers\Home))
 9 SYSTEMPATH\CodeIgniter.php(349): CodeIgniter\CodeIgniter->handleRequest(null, Object(Config\Cache), false)
10 FCPATH\index.php(55): CodeIgniter\CodeIgniter->run()
CRITICAL - 2022-06-30 15:49:20 --> file_get_contents(https://mindicador.cl/api/uf): Failed to open stream: HTTP request failed!
in APPPATH\Views\welcome_message.php on line 258.
 1 [internal function]: CodeIgniter\Debug\Exceptions->errorHandler(2, 'file_get_contents(https://mindicador.cl/api/uf): Failed to open stream: HTTP request failed!', 'APPPATH\\Views\\welcome_message.php', 258)
 2 APPPATH\Views\welcome_message.php(258): file_get_contents('https://mindicador.cl/api/uf')
 3 SYSTEMPATH\View\View.php(213): include('APPPATH\\Views\\welcome_message.php')
 4 SYSTEMPATH\View\View.php(216): CodeIgniter\View\View->CodeIgniter\View\{closure}()
 5 SYSTEMPATH\Common.php(1135): CodeIgniter\View\View->render('welcome_message', [], true)
 6 APPPATH\Controllers\Home.php(9): view('welcome_message')
 7 SYSTEMPATH\CodeIgniter.php(896): App\Controllers\Home->index()
 8 SYSTEMPATH\CodeIgniter.php(466): CodeIgniter\CodeIgniter->runController(Object(App\Controllers\Home))
 9 SYSTEMPATH\CodeIgniter.php(349): CodeIgniter\CodeIgniter->handleRequest(null, Object(Config\Cache), false)
10 FCPATH\index.php(55): CodeIgniter\CodeIgniter->run()
CRITICAL - 2022-06-30 15:59:28 --> compact(): Undefined variable $https://mindicador.cl/api/uf
in APPPATH\Controllers\Home.php on line 21.
 1 [internal function]: CodeIgniter\Debug\Exceptions->errorHandler(2, 'compact(): Undefined variable $https://mindicador.cl/api/uf', 'APPPATH\\Controllers\\Home.php', 21)
 2 APPPATH\Controllers\Home.php(21): compact([...])
 3 SYSTEMPATH\CodeIgniter.php(896): App\Controllers\Home->index()
 4 SYSTEMPATH\CodeIgniter.php(466): CodeIgniter\CodeIgniter->runController(Object(App\Controllers\Home))
 5 SYSTEMPATH\CodeIgniter.php(349): CodeIgniter\CodeIgniter->handleRequest(null, Object(Config\Cache), false)
 6 FCPATH\index.php(55): CodeIgniter\CodeIgniter->run()
CRITICAL - 2022-06-30 16:00:34 --> Array to string conversion
in APPPATH\Views\welcome_message.php on line 257.
 1 APPPATH\Views\welcome_message.php(257): CodeIgniter\Debug\Exceptions->errorHandler(2, 'Array to string conversion', 'APPPATH\\Views\\welcome_message.php', 257)
 2 SYSTEMPATH\View\View.php(213): include('APPPATH\\Views\\welcome_message.php')
 3 SYSTEMPATH\View\View.php(216): CodeIgniter\View\View->CodeIgniter\View\{closure}()
 4 SYSTEMPATH\Common.php(1135): CodeIgniter\View\View->render('welcome_message', [], true)
 5 APPPATH\Controllers\Home.php(21): view('welcome_message', [...])
 6 SYSTEMPATH\CodeIgniter.php(896): App\Controllers\Home->index()
 7 SYSTEMPATH\CodeIgniter.php(466): CodeIgniter\CodeIgniter->runController(Object(App\Controllers\Home))
 8 SYSTEMPATH\CodeIgniter.php(349): CodeIgniter\CodeIgniter->handleRequest(null, Object(Config\Cache), false)
 9 FCPATH\index.php(55): CodeIgniter\CodeIgniter->run()
CRITICAL - 2022-06-30 16:09:21 --> Too few arguments to function App\Controllers\Home::index(), 0 passed in E:\xampp\htdocs\solutoria\CrudSolutoria\vendor\codeigniter4\framework\system\CodeIgniter.php on line 896 and exactly 1 expected
in APPPATH\Controllers\Home.php on line 8.
 1 SYSTEMPATH\CodeIgniter.php(896): App\Controllers\Home->index()
 2 SYSTEMPATH\CodeIgniter.php(466): CodeIgniter\CodeIgniter->runController(Object(App\Controllers\Home))
 3 SYSTEMPATH\CodeIgniter.php(349): CodeIgniter\CodeIgniter->handleRequest(null, Object(Config\Cache), false)
 4 FCPATH\index.php(55): CodeIgniter\CodeIgniter->run()
CRITICAL - 2022-06-30 16:15:52 --> Too few arguments to function App\Controllers\Home::index(), 0 passed in E:\xampp\htdocs\solutoria\CrudSolutoria\vendor\codeigniter4\framework\system\CodeIgniter.php on line 896 and exactly 1 expected
in APPPATH\Controllers\Home.php on line 8.
 1 SYSTEMPATH\CodeIgniter.php(896): App\Controllers\Home->index()
 2 SYSTEMPATH\CodeIgniter.php(466): CodeIgniter\CodeIgniter->runController(Object(App\Controllers\Home))
 3 SYSTEMPATH\CodeIgniter.php(349): CodeIgniter\CodeIgniter->handleRequest(null, Object(Config\Cache), false)
 4 FCPATH\index.php(55): CodeIgniter\CodeIgniter->run()
CRITICAL - 2022-06-30 16:34:24 --> Undefined array key "tipo"
in APPPATH\Controllers\Home.php on line 9.
 1 APPPATH\Controllers\Home.php(9): CodeIgniter\Debug\Exceptions->errorHandler(2, 'Undefined array key "tipo"', 'APPPATH\\Controllers\\Home.php', 9)
 2 SYSTEMPATH\CodeIgniter.php(896): App\Controllers\Home->index()
 3 SYSTEMPATH\CodeIgniter.php(466): CodeIgniter\CodeIgniter->runController(Object(App\Controllers\Home))
 4 SYSTEMPATH\CodeIgniter.php(349): CodeIgniter\CodeIgniter->handleRequest(null, Object(Config\Cache), false)
 5 FCPATH\index.php(55): CodeIgniter\CodeIgniter->run()
CRITICAL - 2022-06-30 16:34:57 --> Undefined array key "tipo"
in APPPATH\Controllers\Home.php on line 9.
 1 APPPATH\Controllers\Home.php(9): CodeIgniter\Debug\Exceptions->errorHandler(2, 'Undefined array key "tipo"', 'APPPATH\\Controllers\\Home.php', 9)
 2 SYSTEMPATH\CodeIgniter.php(896): App\Controllers\Home->index()
 3 SYSTEMPATH\CodeIgniter.php(466): CodeIgniter\CodeIgniter->runController(Object(App\Controllers\Home))
 4 SYSTEMPATH\CodeIgniter.php(349): CodeIgniter\CodeIgniter->handleRequest(null, Object(Config\Cache), false)
 5 FCPATH\index.php(55): CodeIgniter\CodeIgniter->run()
CRITICAL - 2022-06-30 16:41:02 --> Undefined array key "tipo"
in APPPATH\Controllers\Home.php on line 9.
 1 APPPATH\Controllers\Home.php(9): CodeIgniter\Debug\Exceptions->errorHandler(2, 'Undefined array key "tipo"', 'APPPATH\\Controllers\\Home.php', 9)
 2 SYSTEMPATH\CodeIgniter.php(896): App\Controllers\Home->index()
 3 SYSTEMPATH\CodeIgniter.php(466): CodeIgniter\CodeIgniter->runController(Object(App\Controllers\Home))
 4 SYSTEMPATH\CodeIgniter.php(349): CodeIgniter\CodeIgniter->handleRequest(null, Object(Config\Cache), false)
 5 FCPATH\index.php(55): CodeIgniter\CodeIgniter->run()
CRITICAL - 2022-06-30 16:42:54 --> Undefined array key "tipo"
in APPPATH\Controllers\Home.php on line 9.
 1 APPPATH\Controllers\Home.php(9): CodeIgniter\Debug\Exceptions->errorHandler(2, 'Undefined array key "tipo"', 'APPPATH\\Controllers\\Home.php', 9)
 2 SYSTEMPATH\CodeIgniter.php(896): App\Controllers\Home->index()
 3 SYSTEMPATH\CodeIgniter.php(466): CodeIgniter\CodeIgniter->runController(Object(App\Controllers\Home))
 4 SYSTEMPATH\CodeIgniter.php(349): CodeIgniter\CodeIgniter->handleRequest(null, Object(Config\Cache), false)
 5 FCPATH\index.php(55): CodeIgniter\CodeIgniter->run()
CRITICAL - 2022-06-30 16:42:55 --> Undefined array key "tipo"
in APPPATH\Controllers\Home.php on line 9.
 1 APPPATH\Controllers\Home.php(9): CodeIgniter\Debug\Exceptions->errorHandler(2, 'Undefined array key "tipo"', 'APPPATH\\Controllers\\Home.php', 9)
 2 SYSTEMPATH\CodeIgniter.php(896): App\Controllers\Home->index()
 3 SYSTEMPATH\CodeIgniter.php(466): CodeIgniter\CodeIgniter->runController(Object(App\Controllers\Home))
 4 SYSTEMPATH\CodeIgniter.php(349): CodeIgniter\CodeIgniter->handleRequest(null, Object(Config\Cache), false)
 5 FCPATH\index.php(55): CodeIgniter\CodeIgniter->run()
CRITICAL - 2022-06-30 17:04:01 --> Cannot modify header information - headers already sent by (output started at E:\xampp\htdocs\solutoria\CrudSolutoria\app\Config\Events.php:32)
in SYSTEMPATH\Debug\Toolbar.php on line 447.
 1 [internal function]: CodeIgniter\Debug\Exceptions->errorHandler(2, 'Cannot modify header information - headers already sent by (output started at E:\\xampp\\htdocs\\solutoria\\CrudSolutoria\\app\\Config\\Events.php:32)', 'SYSTEMPATH\\Debug\\Toolbar.php', 447)
 2 SYSTEMPATH\Debug\Toolbar.php(447): header('Content-Type: application/javascript')
 3 APPPATH\Config\Events.php(46): CodeIgniter\Debug\Toolbar->respond()
 4 SYSTEMPATH\Events\Events.php(149): CodeIgniter\Events\Events::Config\{closure}()
 5 SYSTEMPATH\CodeIgniter.php(326): CodeIgniter\Events\Events::trigger('pre_system')
 6 FCPATH\index.php(59): CodeIgniter\CodeIgniter->run()
CRITICAL - 2022-06-30 17:05:31 --> Cannot modify header information - headers already sent by (output started at E:\xampp\htdocs\solutoria\CrudSolutoria\app\Config\Events.php:32)
in SYSTEMPATH\Debug\Toolbar.php on line 447.
 1 [internal function]: CodeIgniter\Debug\Exceptions->errorHandler(2, 'Cannot modify header information - headers already sent by (output started at E:\\xampp\\htdocs\\solutoria\\CrudSolutoria\\app\\Config\\Events.php:32)', 'SYSTEMPATH\\Debug\\Toolbar.php', 447)
 2 SYSTEMPATH\Debug\Toolbar.php(447): header('Content-Type: application/javascript')
 3 APPPATH\Config\Events.php(46): CodeIgniter\Debug\Toolbar->respond()
 4 SYSTEMPATH\Events\Events.php(149): CodeIgniter\Events\Events::Config\{closure}()
 5 SYSTEMPATH\CodeIgniter.php(326): CodeIgniter\Events\Events::trigger('pre_system')
 6 FCPATH\index.php(59): CodeIgniter\CodeIgniter->run()
CRITICAL - 2022-06-30 17:09:43 --> Cannot modify header information - headers already sent by (output started at E:\xampp\htdocs\solutoria\CrudSolutoria\app\Config\Events.php:32)
in SYSTEMPATH\Debug\Toolbar.php on line 447.
 1 [internal function]: CodeIgniter\Debug\Exceptions->errorHandler(2, 'Cannot modify header information - headers already sent by (output started at E:\\xampp\\htdocs\\solutoria\\CrudSolutoria\\app\\Config\\Events.php:32)', 'SYSTEMPATH\\Debug\\Toolbar.php', 447)
 2 SYSTEMPATH\Debug\Toolbar.php(447): header('Content-Type: application/javascript')
 3 APPPATH\Config\Events.php(46): CodeIgniter\Debug\Toolbar->respond()
 4 SYSTEMPATH\Events\Events.php(149): CodeIgniter\Events\Events::Config\{closure}()
 5 SYSTEMPATH\CodeIgniter.php(326): CodeIgniter\Events\Events::trigger('pre_system')
 6 FCPATH\index.php(59): CodeIgniter\CodeIgniter->run()
CRITICAL - 2022-06-30 17:10:19 --> Cannot modify header information - headers already sent by (output started at E:\xampp\htdocs\solutoria\CrudSolutoria\app\Config\Events.php:32)
in SYSTEMPATH\Debug\Toolbar.php on line 447.
 1 [internal function]: CodeIgniter\Debug\Exceptions->errorHandler(2, 'Cannot modify header information - headers already sent by (output started at E:\\xampp\\htdocs\\solutoria\\CrudSolutoria\\app\\Config\\Events.php:32)', 'SYSTEMPATH\\Debug\\Toolbar.php', 447)
 2 SYSTEMPATH\Debug\Toolbar.php(447): header('Content-Type: application/javascript')
 3 APPPATH\Config\Events.php(46): CodeIgniter\Debug\Toolbar->respond()
 4 SYSTEMPATH\Events\Events.php(149): CodeIgniter\Events\Events::Config\{closure}()
 5 SYSTEMPATH\CodeIgniter.php(326): CodeIgniter\Events\Events::trigger('pre_system')
 6 FCPATH\index.php(59): CodeIgniter\CodeIgniter->run()
CRITICAL - 2022-06-30 17:11:42 --> Cannot modify header information - headers already sent by (output started at E:\xampp\htdocs\solutoria\CrudSolutoria\app\Config\Events.php:32)
in SYSTEMPATH\Debug\Toolbar.php on line 447.
 1 [internal function]: CodeIgniter\Debug\Exceptions->errorHandler(2, 'Cannot modify header information - headers already sent by (output started at E:\\xampp\\htdocs\\solutoria\\CrudSolutoria\\app\\Config\\Events.php:32)', 'SYSTEMPATH\\Debug\\Toolbar.php', 447)
 2 SYSTEMPATH\Debug\Toolbar.php(447): header('Content-Type: application/javascript')
 3 APPPATH\Config\Events.php(46): CodeIgniter\Debug\Toolbar->respond()
 4 SYSTEMPATH\Events\Events.php(149): CodeIgniter\Events\Events::Config\{closure}()
 5 SYSTEMPATH\CodeIgniter.php(326): CodeIgniter\Events\Events::trigger('pre_system')
 6 FCPATH\index.php(59): CodeIgniter\CodeIgniter->run()
CRITICAL - 2022-06-30 17:12:35 --> Cannot modify header information - headers already sent by (output started at E:\xampp\htdocs\solutoria\CrudSolutoria\app\Config\Events.php:32)
in SYSTEMPATH\Debug\Toolbar.php on line 447.
 1 [internal function]: CodeIgniter\Debug\Exceptions->errorHandler(2, 'Cannot modify header information - headers already sent by (output started at E:\\xampp\\htdocs\\solutoria\\CrudSolutoria\\app\\Config\\Events.php:32)', 'SYSTEMPATH\\Debug\\Toolbar.php', 447)
 2 SYSTEMPATH\Debug\Toolbar.php(447): header('Content-Type: application/javascript')
 3 APPPATH\Config\Events.php(46): CodeIgniter\Debug\Toolbar->respond()
 4 SYSTEMPATH\Events\Events.php(149): CodeIgniter\Events\Events::Config\{closure}()
 5 SYSTEMPATH\CodeIgniter.php(326): CodeIgniter\Events\Events::trigger('pre_system')
 6 FCPATH\index.php(59): CodeIgniter\CodeIgniter->run()
CRITICAL - 2022-06-30 17:13:42 --> Cannot modify header information - headers already sent by (output started at E:\xampp\htdocs\solutoria\CrudSolutoria\app\Config\Events.php:32)
in SYSTEMPATH\Debug\Toolbar.php on line 447.
 1 [internal function]: CodeIgniter\Debug\Exceptions->errorHandler(2, 'Cannot modify header information - headers already sent by (output started at E:\\xampp\\htdocs\\solutoria\\CrudSolutoria\\app\\Config\\Events.php:32)', 'SYSTEMPATH\\Debug\\Toolbar.php', 447)
 2 SYSTEMPATH\Debug\Toolbar.php(447): header('Content-Type: application/javascript')
 3 APPPATH\Config\Events.php(46): CodeIgniter\Debug\Toolbar->respond()
 4 SYSTEMPATH\Events\Events.php(149): CodeIgniter\Events\Events::Config\{closure}()
 5 SYSTEMPATH\CodeIgniter.php(326): CodeIgniter\Events\Events::trigger('pre_system')
 6 FCPATH\index.php(62): CodeIgniter\CodeIgniter->run()
CRITICAL - 2022-06-30 17:34:12 --> Cannot modify header information - headers already sent by (output started at E:\xampp\htdocs\solutoria\CrudSolutoria\app\Config\Events.php:32)
in SYSTEMPATH\Debug\Toolbar.php on line 447.
 1 [internal function]: CodeIgniter\Debug\Exceptions->errorHandler(2, 'Cannot modify header information - headers already sent by (output started at E:\\xampp\\htdocs\\solutoria\\CrudSolutoria\\app\\Config\\Events.php:32)', 'SYSTEMPATH\\Debug\\Toolbar.php', 447)
 2 SYSTEMPATH\Debug\Toolbar.php(447): header('Content-Type: application/javascript')
 3 APPPATH\Config\Events.php(46): CodeIgniter\Debug\Toolbar->respond()
 4 SYSTEMPATH\Events\Events.php(149): CodeIgniter\Events\Events::Config\{closure}()
 5 SYSTEMPATH\CodeIgniter.php(326): CodeIgniter\Events\Events::trigger('pre_system')
 6 FCPATH\index.php(60): CodeIgniter\CodeIgniter->run()
CRITICAL - 2022-06-30 17:37:06 --> Cannot modify header information - headers already sent by (output started at E:\xampp\htdocs\solutoria\CrudSolutoria\app\Config\Events.php:32)
in SYSTEMPATH\Debug\Toolbar.php on line 447.
 1 [internal function]: CodeIgniter\Debug\Exceptions->errorHandler(2, 'Cannot modify header information - headers already sent by (output started at E:\\xampp\\htdocs\\solutoria\\CrudSolutoria\\app\\Config\\Events.php:32)', 'SYSTEMPATH\\Debug\\Toolbar.php', 447)
 2 SYSTEMPATH\Debug\Toolbar.php(447): header('Content-Type: application/javascript')
 3 APPPATH\Config\Events.php(46): CodeIgniter\Debug\Toolbar->respond()
 4 SYSTEMPATH\Events\Events.php(149): CodeIgniter\Events\Events::Config\{closure}()
 5 SYSTEMPATH\CodeIgniter.php(326): CodeIgniter\Events\Events::trigger('pre_system')
 6 FCPATH\index.php(60): CodeIgniter\CodeIgniter->run()
CRITICAL - 2022-06-30 17:37:23 --> syntax error, unexpected token "<", expecting end of file
in APPPATH\Views\welcome_message.php on line 41.
 1 SYSTEMPATH\View\View.php(216): CodeIgniter\View\View->CodeIgniter\View\{closure}()
 2 SYSTEMPATH\Common.php(1135): CodeIgniter\View\View->render('welcome_message', [], true)
 3 APPPATH\Controllers\Home.php(35): view('welcome_message', [...])
 4 SYSTEMPATH\CodeIgniter.php(896): App\Controllers\Home->index()
 5 SYSTEMPATH\CodeIgniter.php(466): CodeIgniter\CodeIgniter->runController(Object(App\Controllers\Home))
 6 SYSTEMPATH\CodeIgniter.php(349): CodeIgniter\CodeIgniter->handleRequest(null, Object(Config\Cache), false)
 7 FCPATH\index.php(60): CodeIgniter\CodeIgniter->run()
CRITICAL - 2022-06-30 17:37:52 --> Cannot modify header information - headers already sent by (output started at E:\xampp\htdocs\solutoria\CrudSolutoria\app\Config\Events.php:32)
in SYSTEMPATH\Debug\Toolbar.php on line 447.
 1 [internal function]: CodeIgniter\Debug\Exceptions->errorHandler(2, 'Cannot modify header information - headers already sent by (output started at E:\\xampp\\htdocs\\solutoria\\CrudSolutoria\\app\\Config\\Events.php:32)', 'SYSTEMPATH\\Debug\\Toolbar.php', 447)
 2 SYSTEMPATH\Debug\Toolbar.php(447): header('Content-Type: application/javascript')
 3 APPPATH\Config\Events.php(46): CodeIgniter\Debug\Toolbar->respond()
 4 SYSTEMPATH\Events\Events.php(149): CodeIgniter\Events\Events::Config\{closure}()
 5 SYSTEMPATH\CodeIgniter.php(326): CodeIgniter\Events\Events::trigger('pre_system')
 6 FCPATH\index.php(60): CodeIgniter\CodeIgniter->run()
CRITICAL - 2022-06-30 17:40:03 --> Cannot modify header information - headers already sent by (output started at E:\xampp\htdocs\solutoria\CrudSolutoria\app\Config\Events.php:32)
in SYSTEMPATH\Debug\Toolbar.php on line 447.
 1 [internal function]: CodeIgniter\Debug\Exceptions->errorHandler(2, 'Cannot modify header information - headers already sent by (output started at E:\\xampp\\htdocs\\solutoria\\CrudSolutoria\\app\\Config\\Events.php:32)', 'SYSTEMPATH\\Debug\\Toolbar.php', 447)
 2 SYSTEMPATH\Debug\Toolbar.php(447): header('Content-Type: application/javascript')
 3 APPPATH\Config\Events.php(46): CodeIgniter\Debug\Toolbar->respond()
 4 SYSTEMPATH\Events\Events.php(149): CodeIgniter\Events\Events::Config\{closure}()
 5 SYSTEMPATH\CodeIgniter.php(326): CodeIgniter\Events\Events::trigger('pre_system')
 6 FCPATH\index.php(60): CodeIgniter\CodeIgniter->run()
CRITICAL - 2022-06-30 17:44:19 --> Cannot modify header information - headers already sent by (output started at E:\xampp\htdocs\solutoria\CrudSolutoria\app\Config\Events.php:32)
in SYSTEMPATH\Debug\Toolbar.php on line 447.
 1 [internal function]: CodeIgniter\Debug\Exceptions->errorHandler(2, 'Cannot modify header information - headers already sent by (output started at E:\\xampp\\htdocs\\solutoria\\CrudSolutoria\\app\\Config\\Events.php:32)', 'SYSTEMPATH\\Debug\\Toolbar.php', 447)
 2 SYSTEMPATH\Debug\Toolbar.php(447): header('Content-Type: application/javascript')
 3 APPPATH\Config\Events.php(46): CodeIgniter\Debug\Toolbar->respond()
 4 SYSTEMPATH\Events\Events.php(149): CodeIgniter\Events\Events::Config\{closure}()
 5 SYSTEMPATH\CodeIgniter.php(326): CodeIgniter\Events\Events::trigger('pre_system')
 6 FCPATH\index.php(60): CodeIgniter\CodeIgniter->run()
CRITICAL - 2022-06-30 20:15:48 --> Cannot modify header information - headers already sent by (output started at E:\xampp\htdocs\solutoria\CrudSolutoria\app\Config\Events.php:32)
in SYSTEMPATH\Debug\Toolbar.php on line 447.
 1 [internal function]: CodeIgniter\Debug\Exceptions->errorHandler(2, 'Cannot modify header information - headers already sent by (output started at E:\\xampp\\htdocs\\solutoria\\CrudSolutoria\\app\\Config\\Events.php:32)', 'SYSTEMPATH\\Debug\\Toolbar.php', 447)
 2 SYSTEMPATH\Debug\Toolbar.php(447): header('Content-Type: application/javascript')
 3 APPPATH\Config\Events.php(46): CodeIgniter\Debug\Toolbar->respond()
 4 SYSTEMPATH\Events\Events.php(149): CodeIgniter\Events\Events::Config\{closure}()
 5 SYSTEMPATH\CodeIgniter.php(326): CodeIgniter\Events\Events::trigger('pre_system')
 6 FCPATH\index.php(60): CodeIgniter\CodeIgniter->run()
CRITICAL - 2022-06-30 20:16:48 --> Cannot modify header information - headers already sent by (output started at E:\xampp\htdocs\solutoria\CrudSolutoria\app\Config\Events.php:32)
in SYSTEMPATH\Debug\Toolbar.php on line 447.
 1 [internal function]: CodeIgniter\Debug\Exceptions->errorHandler(2, 'Cannot modify header information - headers already sent by (output started at E:\\xampp\\htdocs\\solutoria\\CrudSolutoria\\app\\Config\\Events.php:32)', 'SYSTEMPATH\\Debug\\Toolbar.php', 447)
 2 SYSTEMPATH\Debug\Toolbar.php(447): header('Content-Type: application/javascript')
 3 APPPATH\Config\Events.php(46): CodeIgniter\Debug\Toolbar->respond()
 4 SYSTEMPATH\Events\Events.php(149): CodeIgniter\Events\Events::Config\{closure}()
 5 SYSTEMPATH\CodeIgniter.php(326): CodeIgniter\Events\Events::trigger('pre_system')
 6 FCPATH\index.php(60): CodeIgniter\CodeIgniter->run()
CRITICAL - 2022-06-30 20:16:54 --> Cannot modify header information - headers already sent by (output started at E:\xampp\htdocs\solutoria\CrudSolutoria\app\Config\Events.php:32)
in SYSTEMPATH\Debug\Toolbar.php on line 447.
 1 [internal function]: CodeIgniter\Debug\Exceptions->errorHandler(2, 'Cannot modify header information - headers already sent by (output started at E:\\xampp\\htdocs\\solutoria\\CrudSolutoria\\app\\Config\\Events.php:32)', 'SYSTEMPATH\\Debug\\Toolbar.php', 447)
 2 SYSTEMPATH\Debug\Toolbar.php(447): header('Content-Type: application/javascript')
 3 APPPATH\Config\Events.php(46): CodeIgniter\Debug\Toolbar->respond()
 4 SYSTEMPATH\Events\Events.php(149): CodeIgniter\Events\Events::Config\{closure}()
 5 SYSTEMPATH\CodeIgniter.php(326): CodeIgniter\Events\Events::trigger('pre_system')
 6 FCPATH\index.php(60): CodeIgniter\CodeIgniter->run()
CRITICAL - 2022-06-30 20:16:59 --> Cannot modify header information - headers already sent by (output started at E:\xampp\htdocs\solutoria\CrudSolutoria\app\Config\Events.php:32)
in SYSTEMPATH\Debug\Toolbar.php on line 447.
 1 [internal function]: CodeIgniter\Debug\Exceptions->errorHandler(2, 'Cannot modify header information - headers already sent by (output started at E:\\xampp\\htdocs\\solutoria\\CrudSolutoria\\app\\Config\\Events.php:32)', 'SYSTEMPATH\\Debug\\Toolbar.php', 447)
 2 SYSTEMPATH\Debug\Toolbar.php(447): header('Content-Type: application/javascript')
 3 APPPATH\Config\Events.php(46): CodeIgniter\Debug\Toolbar->respond()
 4 SYSTEMPATH\Events\Events.php(149): CodeIgniter\Events\Events::Config\{closure}()
 5 SYSTEMPATH\CodeIgniter.php(326): CodeIgniter\Events\Events::trigger('pre_system')
 6 FCPATH\index.php(60): CodeIgniter\CodeIgniter->run()
CRITICAL - 2022-06-30 20:28:25 --> Cannot modify header information - headers already sent by (output started at E:\xampp\htdocs\solutoria\CrudSolutoria\app\Config\Events.php:32)
in SYSTEMPATH\Debug\Toolbar.php on line 447.
 1 [internal function]: CodeIgniter\Debug\Exceptions->errorHandler(2, 'Cannot modify header information - headers already sent by (output started at E:\\xampp\\htdocs\\solutoria\\CrudSolutoria\\app\\Config\\Events.php:32)', 'SYSTEMPATH\\Debug\\Toolbar.php', 447)
 2 SYSTEMPATH\Debug\Toolbar.php(447): header('Content-Type: application/javascript')
 3 APPPATH\Config\Events.php(46): CodeIgniter\Debug\Toolbar->respond()
 4 SYSTEMPATH\Events\Events.php(149): CodeIgniter\Events\Events::Config\{closure}()
 5 SYSTEMPATH\CodeIgniter.php(326): CodeIgniter\Events\Events::trigger('pre_system')
 6 FCPATH\index.php(60): CodeIgniter\CodeIgniter->run()
CRITICAL - 2022-06-30 20:29:37 --> Cannot modify header information - headers already sent by (output started at E:\xampp\htdocs\solutoria\CrudSolutoria\app\Config\Events.php:32)
in SYSTEMPATH\Debug\Toolbar.php on line 447.
 1 [internal function]: CodeIgniter\Debug\Exceptions->errorHandler(2, 'Cannot modify header information - headers already sent by (output started at E:\\xampp\\htdocs\\solutoria\\CrudSolutoria\\app\\Config\\Events.php:32)', 'SYSTEMPATH\\Debug\\Toolbar.php', 447)
 2 SYSTEMPATH\Debug\Toolbar.php(447): header('Content-Type: application/javascript')
 3 APPPATH\Config\Events.php(46): CodeIgniter\Debug\Toolbar->respond()
 4 SYSTEMPATH\Events\Events.php(149): CodeIgniter\Events\Events::Config\{closure}()
 5 SYSTEMPATH\CodeIgniter.php(326): CodeIgniter\Events\Events::trigger('pre_system')
 6 FCPATH\index.php(60): CodeIgniter\CodeIgniter->run()
CRITICAL - 2022-06-30 20:31:09 --> Cannot modify header information - headers already sent by (output started at E:\xampp\htdocs\solutoria\CrudSolutoria\app\Config\Events.php:32)
in SYSTEMPATH\Debug\Toolbar.php on line 447.
 1 [internal function]: CodeIgniter\Debug\Exceptions->errorHandler(2, 'Cannot modify header information - headers already sent by (output started at E:\\xampp\\htdocs\\solutoria\\CrudSolutoria\\app\\Config\\Events.php:32)', 'SYSTEMPATH\\Debug\\Toolbar.php', 447)
 2 SYSTEMPATH\Debug\Toolbar.php(447): header('Content-Type: application/javascript')
 3 APPPATH\Config\Events.php(46): CodeIgniter\Debug\Toolbar->respond()
 4 SYSTEMPATH\Events\Events.php(149): CodeIgniter\Events\Events::Config\{closure}()
 5 SYSTEMPATH\CodeIgniter.php(326): CodeIgniter\Events\Events::trigger('pre_system')
 6 FCPATH\index.php(60): CodeIgniter\CodeIgniter->run()
CRITICAL - 2022-06-30 20:31:54 --> Cannot modify header information - headers already sent by (output started at E:\xampp\htdocs\solutoria\CrudSolutoria\app\Config\Events.php:32)
in SYSTEMPATH\Debug\Toolbar.php on line 447.
 1 [internal function]: CodeIgniter\Debug\Exceptions->errorHandler(2, 'Cannot modify header information - headers already sent by (output started at E:\\xampp\\htdocs\\solutoria\\CrudSolutoria\\app\\Config\\Events.php:32)', 'SYSTEMPATH\\Debug\\Toolbar.php', 447)
 2 SYSTEMPATH\Debug\Toolbar.php(447): header('Content-Type: application/javascript')
 3 APPPATH\Config\Events.php(46): CodeIgniter\Debug\Toolbar->respond()
 4 SYSTEMPATH\Events\Events.php(149): CodeIgniter\Events\Events::Config\{closure}()
 5 SYSTEMPATH\CodeIgniter.php(326): CodeIgniter\Events\Events::trigger('pre_system')
 6 FCPATH\index.php(76): CodeIgniter\CodeIgniter->run()
CRITICAL - 2022-06-30 20:33:39 --> Cannot modify header information - headers already sent by (output started at E:\xampp\htdocs\solutoria\CrudSolutoria\app\Config\Events.php:32)
in SYSTEMPATH\Debug\Toolbar.php on line 447.
 1 [internal function]: CodeIgniter\Debug\Exceptions->errorHandler(2, 'Cannot modify header information - headers already sent by (output started at E:\\xampp\\htdocs\\solutoria\\CrudSolutoria\\app\\Config\\Events.php:32)', 'SYSTEMPATH\\Debug\\Toolbar.php', 447)
 2 SYSTEMPATH\Debug\Toolbar.php(447): header('Content-Type: application/javascript')
 3 APPPATH\Config\Events.php(46): CodeIgniter\Debug\Toolbar->respond()
 4 SYSTEMPATH\Events\Events.php(149): CodeIgniter\Events\Events::Config\{closure}()
 5 SYSTEMPATH\CodeIgniter.php(326): CodeIgniter\Events\Events::trigger('pre_system')
 6 FCPATH\index.php(76): CodeIgniter\CodeIgniter->run()
CRITICAL - 2022-06-30 20:34:34 --> Cannot modify header information - headers already sent by (output started at E:\xampp\htdocs\solutoria\CrudSolutoria\app\Config\Events.php:32)
in SYSTEMPATH\Debug\Toolbar.php on line 447.
 1 [internal function]: CodeIgniter\Debug\Exceptions->errorHandler(2, 'Cannot modify header information - headers already sent by (output started at E:\\xampp\\htdocs\\solutoria\\CrudSolutoria\\app\\Config\\Events.php:32)', 'SYSTEMPATH\\Debug\\Toolbar.php', 447)
 2 SYSTEMPATH\Debug\Toolbar.php(447): header('Content-Type: application/javascript')
 3 APPPATH\Config\Events.php(46): CodeIgniter\Debug\Toolbar->respond()
 4 SYSTEMPATH\Events\Events.php(149): CodeIgniter\Events\Events::Config\{closure}()
 5 SYSTEMPATH\CodeIgniter.php(326): CodeIgniter\Events\Events::trigger('pre_system')
 6 FCPATH\index.php(76): CodeIgniter\CodeIgniter->run()
CRITICAL - 2022-06-30 20:37:05 --> Cannot modify header information - headers already sent by (output started at E:\xampp\htdocs\solutoria\CrudSolutoria\app\Config\Events.php:32)
in SYSTEMPATH\Debug\Toolbar.php on line 447.
 1 [internal function]: CodeIgniter\Debug\Exceptions->errorHandler(2, 'Cannot modify header information - headers already sent by (output started at E:\\xampp\\htdocs\\solutoria\\CrudSolutoria\\app\\Config\\Events.php:32)', 'SYSTEMPATH\\Debug\\Toolbar.php', 447)
 2 SYSTEMPATH\Debug\Toolbar.php(447): header('Content-Type: application/javascript')
 3 APPPATH\Config\Events.php(46): CodeIgniter\Debug\Toolbar->respond()
 4 SYSTEMPATH\Events\Events.php(149): CodeIgniter\Events\Events::Config\{closure}()
 5 SYSTEMPATH\CodeIgniter.php(326): CodeIgniter\Events\Events::trigger('pre_system')
 6 FCPATH\index.php(76): CodeIgniter\CodeIgniter->run()
CRITICAL - 2022-06-30 20:38:35 --> Cannot modify header information - headers already sent by (output started at E:\xampp\htdocs\solutoria\CrudSolutoria\app\Config\Events.php:32)
in SYSTEMPATH\Debug\Toolbar.php on line 447.
 1 [internal function]: CodeIgniter\Debug\Exceptions->errorHandler(2, 'Cannot modify header information - headers already sent by (output started at E:\\xampp\\htdocs\\solutoria\\CrudSolutoria\\app\\Config\\Events.php:32)', 'SYSTEMPATH\\Debug\\Toolbar.php', 447)
 2 SYSTEMPATH\Debug\Toolbar.php(447): header('Content-Type: application/javascript')
 3 APPPATH\Config\Events.php(46): CodeIgniter\Debug\Toolbar->respond()
 4 SYSTEMPATH\Events\Events.php(149): CodeIgniter\Events\Events::Config\{closure}()
 5 SYSTEMPATH\CodeIgniter.php(326): CodeIgniter\Events\Events::trigger('pre_system')
 6 FCPATH\index.php(76): CodeIgniter\CodeIgniter->run()
CRITICAL - 2022-06-30 20:38:41 --> Cannot modify header information - headers already sent by (output started at E:\xampp\htdocs\solutoria\CrudSolutoria\app\Config\Events.php:32)
in SYSTEMPATH\Debug\Toolbar.php on line 447.
 1 [internal function]: CodeIgniter\Debug\Exceptions->errorHandler(2, 'Cannot modify header information - headers already sent by (output started at E:\\xampp\\htdocs\\solutoria\\CrudSolutoria\\app\\Config\\Events.php:32)', 'SYSTEMPATH\\Debug\\Toolbar.php', 447)
 2 SYSTEMPATH\Debug\Toolbar.php(447): header('Content-Type: application/javascript')
 3 APPPATH\Config\Events.php(46): CodeIgniter\Debug\Toolbar->respond()
 4 SYSTEMPATH\Events\Events.php(149): CodeIgniter\Events\Events::Config\{closure}()
 5 SYSTEMPATH\CodeIgniter.php(326): CodeIgniter\Events\Events::trigger('pre_system')
 6 FCPATH\index.php(76): CodeIgniter\CodeIgniter->run()
CRITICAL - 2022-06-30 20:38:45 --> Cannot modify header information - headers already sent by (output started at E:\xampp\htdocs\solutoria\CrudSolutoria\app\Config\Events.php:32)
in SYSTEMPATH\Debug\Toolbar.php on line 447.
 1 [internal function]: CodeIgniter\Debug\Exceptions->errorHandler(2, 'Cannot modify header information - headers already sent by (output started at E:\\xampp\\htdocs\\solutoria\\CrudSolutoria\\app\\Config\\Events.php:32)', 'SYSTEMPATH\\Debug\\Toolbar.php', 447)
 2 SYSTEMPATH\Debug\Toolbar.php(447): header('Content-Type: application/javascript')
 3 APPPATH\Config\Events.php(46): CodeIgniter\Debug\Toolbar->respond()
 4 SYSTEMPATH\Events\Events.php(149): CodeIgniter\Events\Events::Config\{closure}()
 5 SYSTEMPATH\CodeIgniter.php(326): CodeIgniter\Events\Events::trigger('pre_system')
 6 FCPATH\index.php(76): CodeIgniter\CodeIgniter->run()
CRITICAL - 2022-06-30 20:39:22 --> Cannot modify header information - headers already sent by (output started at E:\xampp\htdocs\solutoria\CrudSolutoria\app\Config\Events.php:32)
in SYSTEMPATH\Debug\Toolbar.php on line 447.
 1 [internal function]: CodeIgniter\Debug\Exceptions->errorHandler(2, 'Cannot modify header information - headers already sent by (output started at E:\\xampp\\htdocs\\solutoria\\CrudSolutoria\\app\\Config\\Events.php:32)', 'SYSTEMPATH\\Debug\\Toolbar.php', 447)
 2 SYSTEMPATH\Debug\Toolbar.php(447): header('Content-Type: application/javascript')
 3 APPPATH\Config\Events.php(46): CodeIgniter\Debug\Toolbar->respond()
 4 SYSTEMPATH\Events\Events.php(149): CodeIgniter\Events\Events::Config\{closure}()
 5 SYSTEMPATH\CodeIgniter.php(326): CodeIgniter\Events\Events::trigger('pre_system')
 6 FCPATH\index.php(76): CodeIgniter\CodeIgniter->run()
CRITICAL - 2022-06-30 20:40:52 --> Cannot modify header information - headers already sent by (output started at E:\xampp\htdocs\solutoria\CrudSolutoria\app\Config\Events.php:32)
in SYSTEMPATH\Debug\Toolbar.php on line 447.
 1 [internal function]: CodeIgniter\Debug\Exceptions->errorHandler(2, 'Cannot modify header information - headers already sent by (output started at E:\\xampp\\htdocs\\solutoria\\CrudSolutoria\\app\\Config\\Events.php:32)', 'SYSTEMPATH\\Debug\\Toolbar.php', 447)
 2 SYSTEMPATH\Debug\Toolbar.php(447): header('Content-Type: application/javascript')
 3 APPPATH\Config\Events.php(46): CodeIgniter\Debug\Toolbar->respond()
 4 SYSTEMPATH\Events\Events.php(149): CodeIgniter\Events\Events::Config\{closure}()
 5 SYSTEMPATH\CodeIgniter.php(326): CodeIgniter\Events\Events::trigger('pre_system')
 6 FCPATH\index.php(76): CodeIgniter\CodeIgniter->run()
CRITICAL - 2022-06-30 20:41:06 --> Cannot modify header information - headers already sent by (output started at E:\xampp\htdocs\solutoria\CrudSolutoria\app\Config\Events.php:32)
in SYSTEMPATH\Debug\Toolbar.php on line 447.
 1 [internal function]: CodeIgniter\Debug\Exceptions->errorHandler(2, 'Cannot modify header information - headers already sent by (output started at E:\\xampp\\htdocs\\solutoria\\CrudSolutoria\\app\\Config\\Events.php:32)', 'SYSTEMPATH\\Debug\\Toolbar.php', 447)
 2 SYSTEMPATH\Debug\Toolbar.php(447): header('Content-Type: application/javascript')
 3 APPPATH\Config\Events.php(46): CodeIgniter\Debug\Toolbar->respond()
 4 SYSTEMPATH\Events\Events.php(149): CodeIgniter\Events\Events::Config\{closure}()
 5 SYSTEMPATH\CodeIgniter.php(326): CodeIgniter\Events\Events::trigger('pre_system')
 6 FCPATH\index.php(76): CodeIgniter\CodeIgniter->run()
CRITICAL - 2022-06-30 20:44:13 --> Cannot modify header information - headers already sent by (output started at E:\xampp\htdocs\solutoria\CrudSolutoria\app\Config\Events.php:32)
in SYSTEMPATH\Debug\Toolbar.php on line 447.
 1 [internal function]: CodeIgniter\Debug\Exceptions->errorHandler(2, 'Cannot modify header information - headers already sent by (output started at E:\\xampp\\htdocs\\solutoria\\CrudSolutoria\\app\\Config\\Events.php:32)', 'SYSTEMPATH\\Debug\\Toolbar.php', 447)
 2 SYSTEMPATH\Debug\Toolbar.php(447): header('Content-Type: application/javascript')
 3 APPPATH\Config\Events.php(46): CodeIgniter\Debug\Toolbar->respond()
 4 SYSTEMPATH\Events\Events.php(149): CodeIgniter\Events\Events::Config\{closure}()
 5 SYSTEMPATH\CodeIgniter.php(326): CodeIgniter\Events\Events::trigger('pre_system')
 6 FCPATH\index.php(76): CodeIgniter\CodeIgniter->run()
CRITICAL - 2022-06-30 20:44:43 --> Cannot modify header information - headers already sent by (output started at E:\xampp\htdocs\solutoria\CrudSolutoria\app\Config\Events.php:32)
in SYSTEMPATH\Debug\Toolbar.php on line 447.
 1 [internal function]: CodeIgniter\Debug\Exceptions->errorHandler(2, 'Cannot modify header information - headers already sent by (output started at E:\\xampp\\htdocs\\solutoria\\CrudSolutoria\\app\\Config\\Events.php:32)', 'SYSTEMPATH\\Debug\\Toolbar.php', 447)
 2 SYSTEMPATH\Debug\Toolbar.php(447): header('Content-Type: application/javascript')
 3 APPPATH\Config\Events.php(46): CodeIgniter\Debug\Toolbar->respond()
 4 SYSTEMPATH\Events\Events.php(149): CodeIgniter\Events\Events::Config\{closure}()
 5 SYSTEMPATH\CodeIgniter.php(326): CodeIgniter\Events\Events::trigger('pre_system')
 6 FCPATH\index.php(76): CodeIgniter\CodeIgniter->run()
CRITICAL - 2022-06-30 20:50:31 --> Cannot modify header information - headers already sent by (output started at E:\xampp\htdocs\solutoria\CrudSolutoria\app\Config\Events.php:32)
in SYSTEMPATH\Debug\Toolbar.php on line 447.
 1 [internal function]: CodeIgniter\Debug\Exceptions->errorHandler(2, 'Cannot modify header information - headers already sent by (output started at E:\\xampp\\htdocs\\solutoria\\CrudSolutoria\\app\\Config\\Events.php:32)', 'SYSTEMPATH\\Debug\\Toolbar.php', 447)
 2 SYSTEMPATH\Debug\Toolbar.php(447): header('Content-Type: application/javascript')
 3 APPPATH\Config\Events.php(46): CodeIgniter\Debug\Toolbar->respond()
 4 SYSTEMPATH\Events\Events.php(149): CodeIgniter\Events\Events::Config\{closure}()
 5 SYSTEMPATH\CodeIgniter.php(326): CodeIgniter\Events\Events::trigger('pre_system')
 6 FCPATH\index.php(76): CodeIgniter\CodeIgniter->run()
CRITICAL - 2022-06-30 20:51:19 --> Cannot modify header information - headers already sent by (output started at E:\xampp\htdocs\solutoria\CrudSolutoria\app\Config\Events.php:32)
in SYSTEMPATH\Debug\Toolbar.php on line 447.
 1 [internal function]: CodeIgniter\Debug\Exceptions->errorHandler(2, 'Cannot modify header information - headers already sent by (output started at E:\\xampp\\htdocs\\solutoria\\CrudSolutoria\\app\\Config\\Events.php:32)', 'SYSTEMPATH\\Debug\\Toolbar.php', 447)
 2 SYSTEMPATH\Debug\Toolbar.php(447): header('Content-Type: application/javascript')
 3 APPPATH\Config\Events.php(46): CodeIgniter\Debug\Toolbar->respond()
 4 SYSTEMPATH\Events\Events.php(149): CodeIgniter\Events\Events::Config\{closure}()
 5 SYSTEMPATH\CodeIgniter.php(326): CodeIgniter\Events\Events::trigger('pre_system')
 6 FCPATH\index.php(76): CodeIgniter\CodeIgniter->run()
CRITICAL - 2022-06-30 20:51:57 --> Cannot modify header information - headers already sent by (output started at E:\xampp\htdocs\solutoria\CrudSolutoria\app\Config\Events.php:32)
in SYSTEMPATH\Debug\Toolbar.php on line 447.
 1 [internal function]: CodeIgniter\Debug\Exceptions->errorHandler(2, 'Cannot modify header information - headers already sent by (output started at E:\\xampp\\htdocs\\solutoria\\CrudSolutoria\\app\\Config\\Events.php:32)', 'SYSTEMPATH\\Debug\\Toolbar.php', 447)
 2 SYSTEMPATH\Debug\Toolbar.php(447): header('Content-Type: application/javascript')
 3 APPPATH\Config\Events.php(46): CodeIgniter\Debug\Toolbar->respond()
 4 SYSTEMPATH\Events\Events.php(149): CodeIgniter\Events\Events::Config\{closure}()
 5 SYSTEMPATH\CodeIgniter.php(326): CodeIgniter\Events\Events::trigger('pre_system')
 6 FCPATH\index.php(76): CodeIgniter\CodeIgniter->run()
CRITICAL - 2022-06-30 20:53:40 --> Cannot modify header information - headers already sent by (output started at E:\xampp\htdocs\solutoria\CrudSolutoria\app\Config\Events.php:32)
in SYSTEMPATH\Debug\Toolbar.php on line 447.
 1 [internal function]: CodeIgniter\Debug\Exceptions->errorHandler(2, 'Cannot modify header information - headers already sent by (output started at E:\\xampp\\htdocs\\solutoria\\CrudSolutoria\\app\\Config\\Events.php:32)', 'SYSTEMPATH\\Debug\\Toolbar.php', 447)
 2 SYSTEMPATH\Debug\Toolbar.php(447): header('Content-Type: application/javascript')
 3 APPPATH\Config\Events.php(46): CodeIgniter\Debug\Toolbar->respond()
 4 SYSTEMPATH\Events\Events.php(149): CodeIgniter\Events\Events::Config\{closure}()
 5 SYSTEMPATH\CodeIgniter.php(326): CodeIgniter\Events\Events::trigger('pre_system')
 6 FCPATH\index.php(76): CodeIgniter\CodeIgniter->run()
CRITICAL - 2022-06-30 20:54:18 --> Cannot modify header information - headers already sent by (output started at E:\xampp\htdocs\solutoria\CrudSolutoria\app\Config\Events.php:32)
in SYSTEMPATH\Debug\Toolbar.php on line 447.
 1 [internal function]: CodeIgniter\Debug\Exceptions->errorHandler(2, 'Cannot modify header information - headers already sent by (output started at E:\\xampp\\htdocs\\solutoria\\CrudSolutoria\\app\\Config\\Events.php:32)', 'SYSTEMPATH\\Debug\\Toolbar.php', 447)
 2 SYSTEMPATH\Debug\Toolbar.php(447): header('Content-Type: application/javascript')
 3 APPPATH\Config\Events.php(46): CodeIgniter\Debug\Toolbar->respond()
 4 SYSTEMPATH\Events\Events.php(149): CodeIgniter\Events\Events::Config\{closure}()
 5 SYSTEMPATH\CodeIgniter.php(326): CodeIgniter\Events\Events::trigger('pre_system')
 6 FCPATH\index.php(76): CodeIgniter\CodeIgniter->run()
CRITICAL - 2022-06-30 20:54:51 --> Cannot modify header information - headers already sent by (output started at E:\xampp\htdocs\solutoria\CrudSolutoria\app\Config\Events.php:32)
in SYSTEMPATH\Debug\Toolbar.php on line 447.
 1 [internal function]: CodeIgniter\Debug\Exceptions->errorHandler(2, 'Cannot modify header information - headers already sent by (output started at E:\\xampp\\htdocs\\solutoria\\CrudSolutoria\\app\\Config\\Events.php:32)', 'SYSTEMPATH\\Debug\\Toolbar.php', 447)
 2 SYSTEMPATH\Debug\Toolbar.php(447): header('Content-Type: application/javascript')
 3 APPPATH\Config\Events.php(46): CodeIgniter\Debug\Toolbar->respond()
 4 SYSTEMPATH\Events\Events.php(149): CodeIgniter\Events\Events::Config\{closure}()
 5 SYSTEMPATH\CodeIgniter.php(326): CodeIgniter\Events\Events::trigger('pre_system')
 6 FCPATH\index.php(76): CodeIgniter\CodeIgniter->run()
CRITICAL - 2022-06-30 20:55:01 --> Cannot modify header information - headers already sent by (output started at E:\xampp\htdocs\solutoria\CrudSolutoria\app\Config\Events.php:32)
in SYSTEMPATH\Debug\Toolbar.php on line 447.
 1 [internal function]: CodeIgniter\Debug\Exceptions->errorHandler(2, 'Cannot modify header information - headers already sent by (output started at E:\\xampp\\htdocs\\solutoria\\CrudSolutoria\\app\\Config\\Events.php:32)', 'SYSTEMPATH\\Debug\\Toolbar.php', 447)
 2 SYSTEMPATH\Debug\Toolbar.php(447): header('Content-Type: application/javascript')
 3 APPPATH\Config\Events.php(46): CodeIgniter\Debug\Toolbar->respond()
 4 SYSTEMPATH\Events\Events.php(149): CodeIgniter\Events\Events::Config\{closure}()
 5 SYSTEMPATH\CodeIgniter.php(326): CodeIgniter\Events\Events::trigger('pre_system')
 6 FCPATH\index.php(76): CodeIgniter\CodeIgniter->run()
CRITICAL - 2022-06-30 20:55:34 --> Cannot modify header information - headers already sent by (output started at E:\xampp\htdocs\solutoria\CrudSolutoria\app\Config\Events.php:32)
in SYSTEMPATH\Debug\Toolbar.php on line 447.
 1 [internal function]: CodeIgniter\Debug\Exceptions->errorHandler(2, 'Cannot modify header information - headers already sent by (output started at E:\\xampp\\htdocs\\solutoria\\CrudSolutoria\\app\\Config\\Events.php:32)', 'SYSTEMPATH\\Debug\\Toolbar.php', 447)
 2 SYSTEMPATH\Debug\Toolbar.php(447): header('Content-Type: application/javascript')
 3 APPPATH\Config\Events.php(46): CodeIgniter\Debug\Toolbar->respond()
 4 SYSTEMPATH\Events\Events.php(149): CodeIgniter\Events\Events::Config\{closure}()
 5 SYSTEMPATH\CodeIgniter.php(326): CodeIgniter\Events\Events::trigger('pre_system')
 6 FCPATH\index.php(76): CodeIgniter\CodeIgniter->run()
CRITICAL - 2022-06-30 20:55:51 --> Cannot modify header information - headers already sent by (output started at E:\xampp\htdocs\solutoria\CrudSolutoria\app\Config\Events.php:32)
in SYSTEMPATH\Debug\Toolbar.php on line 447.
 1 [internal function]: CodeIgniter\Debug\Exceptions->errorHandler(2, 'Cannot modify header information - headers already sent by (output started at E:\\xampp\\htdocs\\solutoria\\CrudSolutoria\\app\\Config\\Events.php:32)', 'SYSTEMPATH\\Debug\\Toolbar.php', 447)
 2 SYSTEMPATH\Debug\Toolbar.php(447): header('Content-Type: application/javascript')
 3 APPPATH\Config\Events.php(46): CodeIgniter\Debug\Toolbar->respond()
 4 SYSTEMPATH\Events\Events.php(149): CodeIgniter\Events\Events::Config\{closure}()
 5 SYSTEMPATH\CodeIgniter.php(326): CodeIgniter\Events\Events::trigger('pre_system')
 6 FCPATH\index.php(76): CodeIgniter\CodeIgniter->run()
CRITICAL - 2022-06-30 20:56:20 --> Cannot modify header information - headers already sent by (output started at E:\xampp\htdocs\solutoria\CrudSolutoria\app\Config\Events.php:32)
in SYSTEMPATH\Debug\Toolbar.php on line 447.
 1 [internal function]: CodeIgniter\Debug\Exceptions->errorHandler(2, 'Cannot modify header information - headers already sent by (output started at E:\\xampp\\htdocs\\solutoria\\CrudSolutoria\\app\\Config\\Events.php:32)', 'SYSTEMPATH\\Debug\\Toolbar.php', 447)
 2 SYSTEMPATH\Debug\Toolbar.php(447): header('Content-Type: application/javascript')
 3 APPPATH\Config\Events.php(46): CodeIgniter\Debug\Toolbar->respond()
 4 SYSTEMPATH\Events\Events.php(149): CodeIgniter\Events\Events::Config\{closure}()
 5 SYSTEMPATH\CodeIgniter.php(326): CodeIgniter\Events\Events::trigger('pre_system')
 6 FCPATH\index.php(76): CodeIgniter\CodeIgniter->run()
CRITICAL - 2022-06-30 21:04:01 --> Cannot modify header information - headers already sent by (output started at E:\xampp\htdocs\solutoria\CrudSolutoria\app\Config\Events.php:32)
in SYSTEMPATH\Debug\Toolbar.php on line 447.
 1 [internal function]: CodeIgniter\Debug\Exceptions->errorHandler(2, 'Cannot modify header information - headers already sent by (output started at E:\\xampp\\htdocs\\solutoria\\CrudSolutoria\\app\\Config\\Events.php:32)', 'SYSTEMPATH\\Debug\\Toolbar.php', 447)
 2 SYSTEMPATH\Debug\Toolbar.php(447): header('Content-Type: application/javascript')
 3 APPPATH\Config\Events.php(46): CodeIgniter\Debug\Toolbar->respond()
 4 SYSTEMPATH\Events\Events.php(149): CodeIgniter\Events\Events::Config\{closure}()
 5 SYSTEMPATH\CodeIgniter.php(326): CodeIgniter\Events\Events::trigger('pre_system')
 6 FCPATH\index.php(76): CodeIgniter\CodeIgniter->run()
CRITICAL - 2022-06-30 21:39:31 --> Cannot modify header information - headers already sent by (output started at E:\xampp\htdocs\solutoria\CrudSolutoria\app\Config\Events.php:32)
in SYSTEMPATH\Debug\Toolbar.php on line 447.
 1 [internal function]: CodeIgniter\Debug\Exceptions->errorHandler(2, 'Cannot modify header information - headers already sent by (output started at E:\\xampp\\htdocs\\solutoria\\CrudSolutoria\\app\\Config\\Events.php:32)', 'SYSTEMPATH\\Debug\\Toolbar.php', 447)
 2 SYSTEMPATH\Debug\Toolbar.php(447): header('Content-Type: application/javascript')
 3 APPPATH\Config\Events.php(46): CodeIgniter\Debug\Toolbar->respond()
 4 SYSTEMPATH\Events\Events.php(149): CodeIgniter\Events\Events::Config\{closure}()
 5 SYSTEMPATH\CodeIgniter.php(326): CodeIgniter\Events\Events::trigger('pre_system')
 6 FCPATH\index.php(76): CodeIgniter\CodeIgniter->run()
CRITICAL - 2022-06-30 21:40:35 --> Cannot modify header information - headers already sent by (output started at E:\xampp\htdocs\solutoria\CrudSolutoria\app\Config\Events.php:32)
in SYSTEMPATH\Debug\Toolbar.php on line 447.
 1 [internal function]: CodeIgniter\Debug\Exceptions->errorHandler(2, 'Cannot modify header information - headers already sent by (output started at E:\\xampp\\htdocs\\solutoria\\CrudSolutoria\\app\\Config\\Events.php:32)', 'SYSTEMPATH\\Debug\\Toolbar.php', 447)
 2 SYSTEMPATH\Debug\Toolbar.php(447): header('Content-Type: application/javascript')
 3 APPPATH\Config\Events.php(46): CodeIgniter\Debug\Toolbar->respond()
 4 SYSTEMPATH\Events\Events.php(149): CodeIgniter\Events\Events::Config\{closure}()
 5 SYSTEMPATH\CodeIgniter.php(326): CodeIgniter\Events\Events::trigger('pre_system')
 6 FCPATH\index.php(76): CodeIgniter\CodeIgniter->run()
CRITICAL - 2022-06-30 21:43:52 --> Cannot modify header information - headers already sent by (output started at E:\xampp\htdocs\solutoria\CrudSolutoria\app\Config\Events.php:32)
in SYSTEMPATH\Debug\Toolbar.php on line 447.
 1 [internal function]: CodeIgniter\Debug\Exceptions->errorHandler(2, 'Cannot modify header information - headers already sent by (output started at E:\\xampp\\htdocs\\solutoria\\CrudSolutoria\\app\\Config\\Events.php:32)', 'SYSTEMPATH\\Debug\\Toolbar.php', 447)
 2 SYSTEMPATH\Debug\Toolbar.php(447): header('Content-Type: application/javascript')
 3 APPPATH\Config\Events.php(46): CodeIgniter\Debug\Toolbar->respond()
 4 SYSTEMPATH\Events\Events.php(149): CodeIgniter\Events\Events::Config\{closure}()
 5 SYSTEMPATH\CodeIgniter.php(326): CodeIgniter\Events\Events::trigger('pre_system')
 6 FCPATH\index.php(76): CodeIgniter\CodeIgniter->run()
CRITICAL - 2022-06-30 21:45:01 --> Cannot modify header information - headers already sent by (output started at E:\xampp\htdocs\solutoria\CrudSolutoria\app\Config\Events.php:32)
in SYSTEMPATH\Debug\Toolbar.php on line 447.
 1 [internal function]: CodeIgniter\Debug\Exceptions->errorHandler(2, 'Cannot modify header information - headers already sent by (output started at E:\\xampp\\htdocs\\solutoria\\CrudSolutoria\\app\\Config\\Events.php:32)', 'SYSTEMPATH\\Debug\\Toolbar.php', 447)
 2 SYSTEMPATH\Debug\Toolbar.php(447): header('Content-Type: application/javascript')
 3 APPPATH\Config\Events.php(46): CodeIgniter\Debug\Toolbar->respond()
 4 SYSTEMPATH\Events\Events.php(149): CodeIgniter\Events\Events::Config\{closure}()
 5 SYSTEMPATH\CodeIgniter.php(326): CodeIgniter\Events\Events::trigger('pre_system')
 6 FCPATH\index.php(76): CodeIgniter\CodeIgniter->run()
CRITICAL - 2022-06-30 21:45:50 --> Cannot modify header information - headers already sent by (output started at E:\xampp\htdocs\solutoria\CrudSolutoria\app\Config\Events.php:32)
in SYSTEMPATH\Debug\Toolbar.php on line 447.
 1 [internal function]: CodeIgniter\Debug\Exceptions->errorHandler(2, 'Cannot modify header information - headers already sent by (output started at E:\\xampp\\htdocs\\solutoria\\CrudSolutoria\\app\\Config\\Events.php:32)', 'SYSTEMPATH\\Debug\\Toolbar.php', 447)
 2 SYSTEMPATH\Debug\Toolbar.php(447): header('Content-Type: application/javascript')
 3 APPPATH\Config\Events.php(46): CodeIgniter\Debug\Toolbar->respond()
 4 SYSTEMPATH\Events\Events.php(149): CodeIgniter\Events\Events::Config\{closure}()
 5 SYSTEMPATH\CodeIgniter.php(326): CodeIgniter\Events\Events::trigger('pre_system')
 6 FCPATH\index.php(76): CodeIgniter\CodeIgniter->run()
CRITICAL - 2022-06-30 21:47:28 --> Cannot modify header information - headers already sent by (output started at E:\xampp\htdocs\solutoria\CrudSolutoria\app\Config\Events.php:32)
in SYSTEMPATH\Debug\Toolbar.php on line 447.
 1 [internal function]: CodeIgniter\Debug\Exceptions->errorHandler(2, 'Cannot modify header information - headers already sent by (output started at E:\\xampp\\htdocs\\solutoria\\CrudSolutoria\\app\\Config\\Events.php:32)', 'SYSTEMPATH\\Debug\\Toolbar.php', 447)
 2 SYSTEMPATH\Debug\Toolbar.php(447): header('Content-Type: application/javascript')
 3 APPPATH\Config\Events.php(46): CodeIgniter\Debug\Toolbar->respond()
 4 SYSTEMPATH\Events\Events.php(149): CodeIgniter\Events\Events::Config\{closure}()
 5 SYSTEMPATH\CodeIgniter.php(326): CodeIgniter\Events\Events::trigger('pre_system')
 6 FCPATH\index.php(76): CodeIgniter\CodeIgniter->run()
CRITICAL - 2022-06-30 22:05:11 --> syntax error, unexpected token "{", expecting "]"
in APPPATH\Controllers\Home.php on line 9.
 1 SYSTEMPATH\Autoloader\Autoloader.php(261): CodeIgniter\Autoloader\Autoloader->includeFile('APPPATH\\Controllers\\Home.php')
 2 SYSTEMPATH\Autoloader\Autoloader.php(239): CodeIgniter\Autoloader\Autoloader->loadInNamespace('App\\Controllers\\Home')
 3 [internal function]: CodeIgniter\Autoloader\Autoloader->loadClass('App\\Controllers\\Home')
 4 SYSTEMPATH\CodeIgniter.php(846): class_exists('\\App\\Controllers\\Home', true)
 5 SYSTEMPATH\CodeIgniter.php(453): CodeIgniter\CodeIgniter->startController()
 6 SYSTEMPATH\CodeIgniter.php(349): CodeIgniter\CodeIgniter->handleRequest(null, Object(Config\Cache), false)
 7 FCPATH\index.php(76): CodeIgniter\CodeIgniter->run()
CRITICAL - 2022-06-30 22:06:04 --> syntax error, unexpected token "{", expecting "]"
in APPPATH\Controllers\Home.php on line 9.
 1 SYSTEMPATH\Autoloader\Autoloader.php(261): CodeIgniter\Autoloader\Autoloader->includeFile('APPPATH\\Controllers\\Home.php')
 2 SYSTEMPATH\Autoloader\Autoloader.php(239): CodeIgniter\Autoloader\Autoloader->loadInNamespace('App\\Controllers\\Home')
 3 [internal function]: CodeIgniter\Autoloader\Autoloader->loadClass('App\\Controllers\\Home')
 4 SYSTEMPATH\CodeIgniter.php(846): class_exists('\\App\\Controllers\\Home', true)
 5 SYSTEMPATH\CodeIgniter.php(453): CodeIgniter\CodeIgniter->startController()
 6 SYSTEMPATH\CodeIgniter.php(349): CodeIgniter\CodeIgniter->handleRequest(null, Object(Config\Cache), false)
 7 FCPATH\index.php(76): CodeIgniter\CodeIgniter->run()
CRITICAL - 2022-06-30 22:06:05 --> syntax error, unexpected token "{", expecting "]"
in APPPATH\Controllers\Home.php on line 9.
 1 SYSTEMPATH\Autoloader\Autoloader.php(261): CodeIgniter\Autoloader\Autoloader->includeFile('APPPATH\\Controllers\\Home.php')
 2 SYSTEMPATH\Autoloader\Autoloader.php(239): CodeIgniter\Autoloader\Autoloader->loadInNamespace('App\\Controllers\\Home')
 3 [internal function]: CodeIgniter\Autoloader\Autoloader->loadClass('App\\Controllers\\Home')
 4 SYSTEMPATH\CodeIgniter.php(846): class_exists('\\App\\Controllers\\Home', true)
 5 SYSTEMPATH\CodeIgniter.php(453): CodeIgniter\CodeIgniter->startController()
 6 SYSTEMPATH\CodeIgniter.php(349): CodeIgniter\CodeIgniter->handleRequest(null, Object(Config\Cache), false)
 7 FCPATH\index.php(76): CodeIgniter\CodeIgniter->run()
CRITICAL - 2022-06-30 22:06:05 --> syntax error, unexpected token "{", expecting "]"
in APPPATH\Controllers\Home.php on line 9.
 1 SYSTEMPATH\Autoloader\Autoloader.php(261): CodeIgniter\Autoloader\Autoloader->includeFile('APPPATH\\Controllers\\Home.php')
 2 SYSTEMPATH\Autoloader\Autoloader.php(239): CodeIgniter\Autoloader\Autoloader->loadInNamespace('App\\Controllers\\Home')
 3 [internal function]: CodeIgniter\Autoloader\Autoloader->loadClass('App\\Controllers\\Home')
 4 SYSTEMPATH\CodeIgniter.php(846): class_exists('\\App\\Controllers\\Home', true)
 5 SYSTEMPATH\CodeIgniter.php(453): CodeIgniter\CodeIgniter->startController()
 6 SYSTEMPATH\CodeIgniter.php(349): CodeIgniter\CodeIgniter->handleRequest(null, Object(Config\Cache), false)
 7 FCPATH\index.php(76): CodeIgniter\CodeIgniter->run()
CRITICAL - 2022-06-30 22:07:44 --> syntax error, unexpected token "{", expecting "]"
in APPPATH\Controllers\Home.php on line 9.
 1 SYSTEMPATH\Autoloader\Autoloader.php(261): CodeIgniter\Autoloader\Autoloader->includeFile('APPPATH\\Controllers\\Home.php')
 2 SYSTEMPATH\Autoloader\Autoloader.php(239): CodeIgniter\Autoloader\Autoloader->loadInNamespace('App\\Controllers\\Home')
 3 [internal function]: CodeIgniter\Autoloader\Autoloader->loadClass('App\\Controllers\\Home')
 4 SYSTEMPATH\CodeIgniter.php(846): class_exists('\\App\\Controllers\\Home', true)
 5 SYSTEMPATH\CodeIgniter.php(453): CodeIgniter\CodeIgniter->startController()
 6 SYSTEMPATH\CodeIgniter.php(349): CodeIgniter\CodeIgniter->handleRequest(null, Object(Config\Cache), false)
 7 FCPATH\index.php(76): CodeIgniter\CodeIgniter->run()
CRITICAL - 2022-06-30 22:07:45 --> syntax error, unexpected token "{", expecting "]"
in APPPATH\Controllers\Home.php on line 9.
 1 SYSTEMPATH\Autoloader\Autoloader.php(261): CodeIgniter\Autoloader\Autoloader->includeFile('APPPATH\\Controllers\\Home.php')
 2 SYSTEMPATH\Autoloader\Autoloader.php(239): CodeIgniter\Autoloader\Autoloader->loadInNamespace('App\\Controllers\\Home')
 3 [internal function]: CodeIgniter\Autoloader\Autoloader->loadClass('App\\Controllers\\Home')
 4 SYSTEMPATH\CodeIgniter.php(846): class_exists('\\App\\Controllers\\Home', true)
 5 SYSTEMPATH\CodeIgniter.php(453): CodeIgniter\CodeIgniter->startController()
 6 SYSTEMPATH\CodeIgniter.php(349): CodeIgniter\CodeIgniter->handleRequest(null, Object(Config\Cache), false)
 7 FCPATH\index.php(76): CodeIgniter\CodeIgniter->run()
CRITICAL - 2022-06-30 22:07:46 --> syntax error, unexpected token "{", expecting "]"
in APPPATH\Controllers\Home.php on line 9.
 1 SYSTEMPATH\Autoloader\Autoloader.php(261): CodeIgniter\Autoloader\Autoloader->includeFile('APPPATH\\Controllers\\Home.php')
 2 SYSTEMPATH\Autoloader\Autoloader.php(239): CodeIgniter\Autoloader\Autoloader->loadInNamespace('App\\Controllers\\Home')
 3 [internal function]: CodeIgniter\Autoloader\Autoloader->loadClass('App\\Controllers\\Home')
 4 SYSTEMPATH\CodeIgniter.php(846): class_exists('\\App\\Controllers\\Home', true)
 5 SYSTEMPATH\CodeIgniter.php(453): CodeIgniter\CodeIgniter->startController()
 6 SYSTEMPATH\CodeIgniter.php(349): CodeIgniter\CodeIgniter->handleRequest(null, Object(Config\Cache), false)
 7 FCPATH\index.php(76): CodeIgniter\CodeIgniter->run()
CRITICAL - 2022-06-30 22:07:46 --> syntax error, unexpected token "{", expecting "]"
in APPPATH\Controllers\Home.php on line 9.
 1 SYSTEMPATH\Autoloader\Autoloader.php(261): CodeIgniter\Autoloader\Autoloader->includeFile('APPPATH\\Controllers\\Home.php')
 2 SYSTEMPATH\Autoloader\Autoloader.php(239): CodeIgniter\Autoloader\Autoloader->loadInNamespace('App\\Controllers\\Home')
 3 [internal function]: CodeIgniter\Autoloader\Autoloader->loadClass('App\\Controllers\\Home')
 4 SYSTEMPATH\CodeIgniter.php(846): class_exists('\\App\\Controllers\\Home', true)
 5 SYSTEMPATH\CodeIgniter.php(453): CodeIgniter\CodeIgniter->startController()
 6 SYSTEMPATH\CodeIgniter.php(349): CodeIgniter\CodeIgniter->handleRequest(null, Object(Config\Cache), false)
 7 FCPATH\index.php(76): CodeIgniter\CodeIgniter->run()
CRITICAL - 2022-06-30 22:07:46 --> syntax error, unexpected token "{", expecting "]"
in APPPATH\Controllers\Home.php on line 9.
 1 SYSTEMPATH\Autoloader\Autoloader.php(261): CodeIgniter\Autoloader\Autoloader->includeFile('APPPATH\\Controllers\\Home.php')
 2 SYSTEMPATH\Autoloader\Autoloader.php(239): CodeIgniter\Autoloader\Autoloader->loadInNamespace('App\\Controllers\\Home')
 3 [internal function]: CodeIgniter\Autoloader\Autoloader->loadClass('App\\Controllers\\Home')
 4 SYSTEMPATH\CodeIgniter.php(846): class_exists('\\App\\Controllers\\Home', true)
 5 SYSTEMPATH\CodeIgniter.php(453): CodeIgniter\CodeIgniter->startController()
 6 SYSTEMPATH\CodeIgniter.php(349): CodeIgniter\CodeIgniter->handleRequest(null, Object(Config\Cache), false)
 7 FCPATH\index.php(76): CodeIgniter\CodeIgniter->run()
CRITICAL - 2022-06-30 22:07:46 --> syntax error, unexpected token "{", expecting "]"
in APPPATH\Controllers\Home.php on line 9.
 1 SYSTEMPATH\Autoloader\Autoloader.php(261): CodeIgniter\Autoloader\Autoloader->includeFile('APPPATH\\Controllers\\Home.php')
 2 SYSTEMPATH\Autoloader\Autoloader.php(239): CodeIgniter\Autoloader\Autoloader->loadInNamespace('App\\Controllers\\Home')
 3 [internal function]: CodeIgniter\Autoloader\Autoloader->loadClass('App\\Controllers\\Home')
 4 SYSTEMPATH\CodeIgniter.php(846): class_exists('\\App\\Controllers\\Home', true)
 5 SYSTEMPATH\CodeIgniter.php(453): CodeIgniter\CodeIgniter->startController()
 6 SYSTEMPATH\CodeIgniter.php(349): CodeIgniter\CodeIgniter->handleRequest(null, Object(Config\Cache), false)
 7 FCPATH\index.php(76): CodeIgniter\CodeIgniter->run()
CRITICAL - 2022-06-30 22:07:47 --> syntax error, unexpected token "{", expecting "]"
in APPPATH\Controllers\Home.php on line 9.
 1 SYSTEMPATH\Autoloader\Autoloader.php(261): CodeIgniter\Autoloader\Autoloader->includeFile('APPPATH\\Controllers\\Home.php')
 2 SYSTEMPATH\Autoloader\Autoloader.php(239): CodeIgniter\Autoloader\Autoloader->loadInNamespace('App\\Controllers\\Home')
 3 [internal function]: CodeIgniter\Autoloader\Autoloader->loadClass('App\\Controllers\\Home')
 4 SYSTEMPATH\CodeIgniter.php(846): class_exists('\\App\\Controllers\\Home', true)
 5 SYSTEMPATH\CodeIgniter.php(453): CodeIgniter\CodeIgniter->startController()
 6 SYSTEMPATH\CodeIgniter.php(349): CodeIgniter\CodeIgniter->handleRequest(null, Object(Config\Cache), false)
 7 FCPATH\index.php(76): CodeIgniter\CodeIgniter->run()
CRITICAL - 2022-06-30 22:10:19 --> Cannot modify header information - headers already sent by (output started at E:\xampp\htdocs\solutoria\CrudSolutoria\app\Config\Events.php:32)
in SYSTEMPATH\Debug\Toolbar.php on line 447.
 1 [internal function]: CodeIgniter\Debug\Exceptions->errorHandler(2, 'Cannot modify header information - headers already sent by (output started at E:\\xampp\\htdocs\\solutoria\\CrudSolutoria\\app\\Config\\Events.php:32)', 'SYSTEMPATH\\Debug\\Toolbar.php', 447)
 2 SYSTEMPATH\Debug\Toolbar.php(447): header('Content-Type: application/javascript')
 3 APPPATH\Config\Events.php(46): CodeIgniter\Debug\Toolbar->respond()
 4 SYSTEMPATH\Events\Events.php(149): CodeIgniter\Events\Events::Config\{closure}()
 5 SYSTEMPATH\CodeIgniter.php(326): CodeIgniter\Events\Events::trigger('pre_system')
 6 FCPATH\index.php(76): CodeIgniter\CodeIgniter->run()
CRITICAL - 2022-06-30 22:14:11 --> Cannot modify header information - headers already sent by (output started at E:\xampp\htdocs\solutoria\CrudSolutoria\app\Config\Events.php:32)
in SYSTEMPATH\Debug\Toolbar.php on line 447.
 1 [internal function]: CodeIgniter\Debug\Exceptions->errorHandler(2, 'Cannot modify header information - headers already sent by (output started at E:\\xampp\\htdocs\\solutoria\\CrudSolutoria\\app\\Config\\Events.php:32)', 'SYSTEMPATH\\Debug\\Toolbar.php', 447)
 2 SYSTEMPATH\Debug\Toolbar.php(447): header('Content-Type: application/javascript')
 3 APPPATH\Config\Events.php(46): CodeIgniter\Debug\Toolbar->respond()
 4 SYSTEMPATH\Events\Events.php(149): CodeIgniter\Events\Events::Config\{closure}()
 5 SYSTEMPATH\CodeIgniter.php(326): CodeIgniter\Events\Events::trigger('pre_system')
 6 FCPATH\index.php(76): CodeIgniter\CodeIgniter->run()
CRITICAL - 2022-06-30 22:15:41 --> Cannot modify header information - headers already sent by (output started at E:\xampp\htdocs\solutoria\CrudSolutoria\app\Config\Events.php:32)
in SYSTEMPATH\Debug\Toolbar.php on line 447.
 1 [internal function]: CodeIgniter\Debug\Exceptions->errorHandler(2, 'Cannot modify header information - headers already sent by (output started at E:\\xampp\\htdocs\\solutoria\\CrudSolutoria\\app\\Config\\Events.php:32)', 'SYSTEMPATH\\Debug\\Toolbar.php', 447)
 2 SYSTEMPATH\Debug\Toolbar.php(447): header('Content-Type: application/javascript')
 3 APPPATH\Config\Events.php(46): CodeIgniter\Debug\Toolbar->respond()
 4 SYSTEMPATH\Events\Events.php(149): CodeIgniter\Events\Events::Config\{closure}()
 5 SYSTEMPATH\CodeIgniter.php(326): CodeIgniter\Events\Events::trigger('pre_system')
 6 FCPATH\index.php(76): CodeIgniter\CodeIgniter->run()
CRITICAL - 2022-06-30 22:16:19 --> Cannot modify header information - headers already sent by (output started at E:\xampp\htdocs\solutoria\CrudSolutoria\app\Config\Events.php:32)
in SYSTEMPATH\Debug\Toolbar.php on line 447.
 1 [internal function]: CodeIgniter\Debug\Exceptions->errorHandler(2, 'Cannot modify header information - headers already sent by (output started at E:\\xampp\\htdocs\\solutoria\\CrudSolutoria\\app\\Config\\Events.php:32)', 'SYSTEMPATH\\Debug\\Toolbar.php', 447)
 2 SYSTEMPATH\Debug\Toolbar.php(447): header('Content-Type: application/javascript')
 3 APPPATH\Config\Events.php(46): CodeIgniter\Debug\Toolbar->respond()
 4 SYSTEMPATH\Events\Events.php(149): CodeIgniter\Events\Events::Config\{closure}()
 5 SYSTEMPATH\CodeIgniter.php(326): CodeIgniter\Events\Events::trigger('pre_system')
 6 FCPATH\index.php(76): CodeIgniter\CodeIgniter->run()
CRITICAL - 2022-06-30 22:19:49 --> Cannot modify header information - headers already sent by (output started at E:\xampp\htdocs\solutoria\CrudSolutoria\app\Config\Events.php:32)
in SYSTEMPATH\Debug\Toolbar.php on line 447.
 1 [internal function]: CodeIgniter\Debug\Exceptions->errorHandler(2, 'Cannot modify header information - headers already sent by (output started at E:\\xampp\\htdocs\\solutoria\\CrudSolutoria\\app\\Config\\Events.php:32)', 'SYSTEMPATH\\Debug\\Toolbar.php', 447)
 2 SYSTEMPATH\Debug\Toolbar.php(447): header('Content-Type: application/javascript')
 3 APPPATH\Config\Events.php(46): CodeIgniter\Debug\Toolbar->respond()
 4 SYSTEMPATH\Events\Events.php(149): CodeIgniter\Events\Events::Config\{closure}()
 5 SYSTEMPATH\CodeIgniter.php(326): CodeIgniter\Events\Events::trigger('pre_system')
 6 FCPATH\index.php(76): CodeIgniter\CodeIgniter->run()
CRITICAL - 2022-06-30 22:20:19 --> Cannot modify header information - headers already sent by (output started at E:\xampp\htdocs\solutoria\CrudSolutoria\app\Config\Events.php:32)
in SYSTEMPATH\Debug\Toolbar.php on line 447.
 1 [internal function]: CodeIgniter\Debug\Exceptions->errorHandler(2, 'Cannot modify header information - headers already sent by (output started at E:\\xampp\\htdocs\\solutoria\\CrudSolutoria\\app\\Config\\Events.php:32)', 'SYSTEMPATH\\Debug\\Toolbar.php', 447)
 2 SYSTEMPATH\Debug\Toolbar.php(447): header('Content-Type: application/javascript')
 3 APPPATH\Config\Events.php(46): CodeIgniter\Debug\Toolbar->respond()
 4 SYSTEMPATH\Events\Events.php(149): CodeIgniter\Events\Events::Config\{closure}()
 5 SYSTEMPATH\CodeIgniter.php(326): CodeIgniter\Events\Events::trigger('pre_system')
 6 FCPATH\index.php(76): CodeIgniter\CodeIgniter->run()
CRITICAL - 2022-06-30 22:23:54 --> Cannot modify header information - headers already sent by (output started at E:\xampp\htdocs\solutoria\CrudSolutoria\app\Config\Events.php:32)
in SYSTEMPATH\Debug\Toolbar.php on line 447.
 1 [internal function]: CodeIgniter\Debug\Exceptions->errorHandler(2, 'Cannot modify header information - headers already sent by (output started at E:\\xampp\\htdocs\\solutoria\\CrudSolutoria\\app\\Config\\Events.php:32)', 'SYSTEMPATH\\Debug\\Toolbar.php', 447)
 2 SYSTEMPATH\Debug\Toolbar.php(447): header('Content-Type: application/javascript')
 3 APPPATH\Config\Events.php(46): CodeIgniter\Debug\Toolbar->respond()
 4 SYSTEMPATH\Events\Events.php(149): CodeIgniter\Events\Events::Config\{closure}()
 5 SYSTEMPATH\CodeIgniter.php(326): CodeIgniter\Events\Events::trigger('pre_system')
 6 FCPATH\index.php(76): CodeIgniter\CodeIgniter->run()
CRITICAL - 2022-06-30 22:24:22 --> Cannot modify header information - headers already sent by (output started at E:\xampp\htdocs\solutoria\CrudSolutoria\app\Config\Events.php:32)
in SYSTEMPATH\Debug\Toolbar.php on line 447.
 1 [internal function]: CodeIgniter\Debug\Exceptions->errorHandler(2, 'Cannot modify header information - headers already sent by (output started at E:\\xampp\\htdocs\\solutoria\\CrudSolutoria\\app\\Config\\Events.php:32)', 'SYSTEMPATH\\Debug\\Toolbar.php', 447)
 2 SYSTEMPATH\Debug\Toolbar.php(447): header('Content-Type: application/javascript')
 3 APPPATH\Config\Events.php(46): CodeIgniter\Debug\Toolbar->respond()
 4 SYSTEMPATH\Events\Events.php(149): CodeIgniter\Events\Events::Config\{closure}()
 5 SYSTEMPATH\CodeIgniter.php(326): CodeIgniter\Events\Events::trigger('pre_system')
 6 FCPATH\index.php(76): CodeIgniter\CodeIgniter->run()
CRITICAL - 2022-06-30 22:26:31 --> Cannot modify header information - headers already sent by (output started at E:\xampp\htdocs\solutoria\CrudSolutoria\app\Config\Events.php:32)
in SYSTEMPATH\Debug\Toolbar.php on line 447.
 1 [internal function]: CodeIgniter\Debug\Exceptions->errorHandler(2, 'Cannot modify header information - headers already sent by (output started at E:\\xampp\\htdocs\\solutoria\\CrudSolutoria\\app\\Config\\Events.php:32)', 'SYSTEMPATH\\Debug\\Toolbar.php', 447)
 2 SYSTEMPATH\Debug\Toolbar.php(447): header('Content-Type: application/javascript')
 3 APPPATH\Config\Events.php(46): CodeIgniter\Debug\Toolbar->respond()
 4 SYSTEMPATH\Events\Events.php(149): CodeIgniter\Events\Events::Config\{closure}()
 5 SYSTEMPATH\CodeIgniter.php(326): CodeIgniter\Events\Events::trigger('pre_system')
 6 FCPATH\index.php(76): CodeIgniter\CodeIgniter->run()
CRITICAL - 2022-06-30 22:26:54 --> Cannot modify header information - headers already sent by (output started at E:\xampp\htdocs\solutoria\CrudSolutoria\app\Config\Events.php:32)
in SYSTEMPATH\Debug\Toolbar.php on line 447.
 1 [internal function]: CodeIgniter\Debug\Exceptions->errorHandler(2, 'Cannot modify header information - headers already sent by (output started at E:\\xampp\\htdocs\\solutoria\\CrudSolutoria\\app\\Config\\Events.php:32)', 'SYSTEMPATH\\Debug\\Toolbar.php', 447)
 2 SYSTEMPATH\Debug\Toolbar.php(447): header('Content-Type: application/javascript')
 3 APPPATH\Config\Events.php(46): CodeIgniter\Debug\Toolbar->respond()
 4 SYSTEMPATH\Events\Events.php(149): CodeIgniter\Events\Events::Config\{closure}()
 5 SYSTEMPATH\CodeIgniter.php(326): CodeIgniter\Events\Events::trigger('pre_system')
 6 FCPATH\index.php(76): CodeIgniter\CodeIgniter->run()
CRITICAL - 2022-06-30 22:27:05 --> Cannot modify header information - headers already sent by (output started at E:\xampp\htdocs\solutoria\CrudSolutoria\app\Config\Events.php:32)
in SYSTEMPATH\Debug\Toolbar.php on line 447.
 1 [internal function]: CodeIgniter\Debug\Exceptions->errorHandler(2, 'Cannot modify header information - headers already sent by (output started at E:\\xampp\\htdocs\\solutoria\\CrudSolutoria\\app\\Config\\Events.php:32)', 'SYSTEMPATH\\Debug\\Toolbar.php', 447)
 2 SYSTEMPATH\Debug\Toolbar.php(447): header('Content-Type: application/javascript')
 3 APPPATH\Config\Events.php(46): CodeIgniter\Debug\Toolbar->respond()
 4 SYSTEMPATH\Events\Events.php(149): CodeIgniter\Events\Events::Config\{closure}()
 5 SYSTEMPATH\CodeIgniter.php(326): CodeIgniter\Events\Events::trigger('pre_system')
 6 FCPATH\index.php(76): CodeIgniter\CodeIgniter->run()
CRITICAL - 2022-06-30 22:27:44 --> Cannot modify header information - headers already sent by (output started at E:\xampp\htdocs\solutoria\CrudSolutoria\app\Config\Events.php:32)
in SYSTEMPATH\Debug\Toolbar.php on line 447.
 1 [internal function]: CodeIgniter\Debug\Exceptions->errorHandler(2, 'Cannot modify header information - headers already sent by (output started at E:\\xampp\\htdocs\\solutoria\\CrudSolutoria\\app\\Config\\Events.php:32)', 'SYSTEMPATH\\Debug\\Toolbar.php', 447)
 2 SYSTEMPATH\Debug\Toolbar.php(447): header('Content-Type: application/javascript')
 3 APPPATH\Config\Events.php(46): CodeIgniter\Debug\Toolbar->respond()
 4 SYSTEMPATH\Events\Events.php(149): CodeIgniter\Events\Events::Config\{closure}()
 5 SYSTEMPATH\CodeIgniter.php(326): CodeIgniter\Events\Events::trigger('pre_system')
 6 FCPATH\index.php(76): CodeIgniter\CodeIgniter->run()
CRITICAL - 2022-06-30 22:30:25 --> Undefined variable $info
in APPPATH\Controllers\Home.php on line 39.
 1 APPPATH\Controllers\Home.php(39): CodeIgniter\Debug\Exceptions->errorHandler(2, 'Undefined variable $info', 'APPPATH\\Controllers\\Home.php', 39)
 2 APPPATH\Controllers\Home.php(33): App\Controllers\Home::getUrl('https://mindicador.cl/api/uf/2022')
 3 SYSTEMPATH\CodeIgniter.php(896): App\Controllers\Home->index()
 4 SYSTEMPATH\CodeIgniter.php(466): CodeIgniter\CodeIgniter->runController(Object(App\Controllers\Home))
 5 SYSTEMPATH\CodeIgniter.php(349): CodeIgniter\CodeIgniter->handleRequest(null, Object(Config\Cache), false)
 6 FCPATH\index.php(76): CodeIgniter\CodeIgniter->run()
CRITICAL - 2022-06-30 22:30:55 --> Attempt to read property "contents" on string
in APPPATH\Controllers\Home.php on line 39.
 1 APPPATH\Controllers\Home.php(39): CodeIgniter\Debug\Exceptions->errorHandler(2, 'Attempt to read property "contents" on string', 'APPPATH\\Controllers\\Home.php', 39)
 2 APPPATH\Controllers\Home.php(33): App\Controllers\Home::getUrl('https://mindicador.cl/api/uf/2022')
 3 SYSTEMPATH\CodeIgniter.php(896): App\Controllers\Home->index()
 4 SYSTEMPATH\CodeIgniter.php(466): CodeIgniter\CodeIgniter->runController(Object(App\Controllers\Home))
 5 SYSTEMPATH\CodeIgniter.php(349): CodeIgniter\CodeIgniter->handleRequest(null, Object(Config\Cache), false)
 6 FCPATH\index.php(76): CodeIgniter\CodeIgniter->run()
CRITICAL - 2022-06-30 22:31:45 --> Attempt to read property "serie" on string
in APPPATH\Controllers\Home.php on line 39.
 1 APPPATH\Controllers\Home.php(39): CodeIgniter\Debug\Exceptions->errorHandler(2, 'Attempt to read property "serie" on string', 'APPPATH\\Controllers\\Home.php', 39)
 2 APPPATH\Controllers\Home.php(33): App\Controllers\Home::getUrl('https://mindicador.cl/api/uf/2022')
 3 SYSTEMPATH\CodeIgniter.php(896): App\Controllers\Home->index()
 4 SYSTEMPATH\CodeIgniter.php(466): CodeIgniter\CodeIgniter->runController(Object(App\Controllers\Home))
 5 SYSTEMPATH\CodeIgniter.php(349): CodeIgniter\CodeIgniter->handleRequest(null, Object(Config\Cache), false)
 6 FCPATH\index.php(76): CodeIgniter\CodeIgniter->run()
CRITICAL - 2022-06-30 22:32:01 --> Cannot access offset of type string on string
in APPPATH\Controllers\Home.php on line 39.
 1 APPPATH\Controllers\Home.php(33): App\Controllers\Home::getUrl('https://mindicador.cl/api/uf/2022')
 2 SYSTEMPATH\CodeIgniter.php(896): App\Controllers\Home->index()
 3 SYSTEMPATH\CodeIgniter.php(466): CodeIgniter\CodeIgniter->runController(Object(App\Controllers\Home))
 4 SYSTEMPATH\CodeIgniter.php(349): CodeIgniter\CodeIgniter->handleRequest(null, Object(Config\Cache), false)
 5 FCPATH\index.php(76): CodeIgniter\CodeIgniter->run()
